<!DOCTYPE html>
<!--
 | Generated by Apache Maven Doxia Site Renderer 1.11.1 at 2024-11-25

 | Rendered using Apache Maven Default Skin
-->
<html xmlns="http://www.w3.org/1999/xhtml" xml:lang="en" lang="en">
  <head>
    <meta charset="UTF-8" />
    <meta name="viewport" content="width=device-width, initial-scale=1.0" />
    <meta name="generator" content="Apache Maven Doxia Site Renderer 1.11.1" />
    <title>openapi-spring &#x2013; Surefire Report</title>
    <link rel="stylesheet" href="./css/maven-base.css" />
    <link rel="stylesheet" href="./css/maven-theme.css" />
    <link rel="stylesheet" href="./css/site.css" />
    <link rel="stylesheet" href="./css/print.css" media="print" />
  </head>
  <body class="composite">
    <div id="banner">
      <div class="clear">
        <hr/>
      </div>
    </div>
    <div id="breadcrumbs">
      <div class="xleft">
        <span id="publishDate">Last Published: 2024-11-25</span>
           | <span id="projectVersion">Version: 1.0.0</span>
      </div>
      <div class="xright">      </div>
      <div class="clear">
        <hr/>
      </div>
    </div>
    <div id="leftColumn">
      <div id="navcolumn">
      <a href="http://maven.apache.org/" title="Built by Maven" class="poweredBy">
        <img class="poweredBy" alt="Built by Maven" src="./images/logos/maven-feather.png" />
      </a>
      </div>
    </div>
    <div id="bodyColumn">
      <div id="contentBox">
<script type="text/javascript">
function toggleDisplay(elementId) {
 var elm = document.getElementById(elementId + '-error');
 if (elm == null) {
  elm = document.getElementById(elementId + '-failure');
 }
 if (elm && typeof elm.style != "undefined") {
  if (elm.style.display == "none") {
   elm.style.display = "";
   document.getElementById(elementId + '-off').style.display = "none";
   document.getElementById(elementId + '-on').style.display = "inline";
  } else if (elm.style.display == "") {   elm.style.display = "none";
   document.getElementById(elementId + '-off').style.display = "inline";
   document.getElementById(elementId + '-on').style.display = "none";
  }
 }
 }</script><section>
<h2><a name="Surefire_Report"></a>Surefire Report</h2></section><section><a id="Summary"></a>
<h2><a name="Summary"></a>Summary</h2>
<p>[<a href="#Summary">Summary</a>] [<a href="#Package_List">Package List</a>] [<a href="#Test_Cases">Test Cases</a>]</p><br />
<table border="0" class="bodyTable">
<tr class="a">
<th>Tests</th>
<th>Errors</th>
<th>Failures</th>
<th>Skipped</th>
<th>Success Rate</th>
<th>Time</th></tr>
<tr class="b">
<td align="left">88</td>
<td>2</td>
<td>8</td>
<td>0</td>
<td>88.6%</td>
<td>16.08 s</td></tr></table><br />
<p>Note: failures are anticipated and checked for with assertions while errors are unanticipated.</p><br /></section><section><a id="Package_List"></a>
<h2><a name="Package_List"></a>Package List</h2>
<p>[<a href="#Summary">Summary</a>] [<a href="#Package_List">Package List</a>] [<a href="#Test_Cases">Test Cases</a>]</p><br />
<table border="0" class="bodyTable">
<tr class="a">
<th>Package</th>
<th>Tests</th>
<th>Errors</th>
<th>Failures</th>
<th>Skipped</th>
<th>Success Rate</th>
<th>Time</th></tr>
<tr class="b">
<td align="left"><a href="#org.openapitools">org.openapitools</a></td>
<td>14</td>
<td>2</td>
<td>2</td>
<td>0</td>
<td>71.4%</td>
<td>6.985 s</td></tr>
<tr class="a">
<td align="left"><a href="#org.openapitools.model">org.openapitools.model</a></td>
<td>59</td>
<td>0</td>
<td>5</td>
<td>0</td>
<td>91.5%</td>
<td>0.220 s</td></tr>
<tr class="b">
<td align="left"><a href="#org.openapitools.api">org.openapitools.api</a></td>
<td>8</td>
<td>0</td>
<td>1</td>
<td>0</td>
<td>87.5%</td>
<td>0.970 s</td></tr>
<tr class="a">
<td align="left"><a href="#org.openapitools.configuration">org.openapitools.configuration</a></td>
<td>6</td>
<td>0</td>
<td>0</td>
<td>0</td>
<td>100%</td>
<td>0.072 s</td></tr>
<tr class="b">
<td align="left"><a href="#org.springframework.boot.api_tests">org.springframework.boot.api_tests</a></td>
<td>1</td>
<td>0</td>
<td>0</td>
<td>0</td>
<td>100%</td>
<td>7.833 s</td></tr></table><br />
<p>Note: package statistics are not computed recursively, they only sum up all of its testsuites numbers.</p><section><a id="org.openapitools"></a>
<h3><a name="org.openapitools"></a>org.openapitools</h3>
<table border="0" class="bodyTable">
<tr class="a">
<th>-</th>
<th>Class</th>
<th>Tests</th>
<th>Errors</th>
<th>Failures</th>
<th>Skipped</th>
<th>Success Rate</th>
<th>Time</th></tr>
<tr class="b">
<td align="left"><a href="#org.openapitools.OpenApiGeneratorApplicationJsonNullableModuleTest"><img src="images/icon_success_sml.gif" alt="" /></a></td>
<td><a href="#org.openapitools.OpenApiGeneratorApplicationJsonNullableModuleTest">OpenApiGeneratorApplicationJsonNullableModuleTest</a></td>
<td>3</td>
<td>0</td>
<td>0</td>
<td>0</td>
<td>100%</td>
<td>0.014 s</td></tr>
<tr class="a">
<td align="left"><a href="#org.openapitools.Rfc3339DateFormatCloneTest"><img src="images/icon_success_sml.gif" alt="" /></a></td>
<td><a href="#org.openapitools.Rfc3339DateFormatCloneTest">Rfc3339DateFormatCloneTest</a></td>
<td>3</td>
<td>0</td>
<td>0</td>
<td>0</td>
<td>100%</td>
<td>0.016 s</td></tr>
<tr class="b">
<td align="left"><a href="#org.openapitools.Rfc3339DateFormatFormatTest"><img src="images/icon_warning_sml.gif" alt="" /></a></td>
<td><a href="#org.openapitools.Rfc3339DateFormatFormatTest">Rfc3339DateFormatFormatTest</a></td>
<td>3</td>
<td>0</td>
<td>1</td>
<td>0</td>
<td>66.7%</td>
<td>0.027 s</td></tr>
<tr class="a">
<td align="left"><a href="#org.openapitools.Rfc3339DateFormatParseTest"><img src="images/icon_error_sml.gif" alt="" /></a></td>
<td><a href="#org.openapitools.Rfc3339DateFormatParseTest">Rfc3339DateFormatParseTest</a></td>
<td>4</td>
<td>2</td>
<td>1</td>
<td>0</td>
<td>25.0%</td>
<td>0.039 s</td></tr>
<tr class="b">
<td align="left"><a href="#org.openapitools.OpenApiGeneratorApplicationTests"><img src="images/icon_success_sml.gif" alt="" /></a></td>
<td><a href="#org.openapitools.OpenApiGeneratorApplicationTests">OpenApiGeneratorApplicationTests</a></td>
<td>1</td>
<td>0</td>
<td>0</td>
<td>0</td>
<td>100%</td>
<td>6.889 s</td></tr></table></section><section><a id="org.openapitools.model"></a>
<h3><a name="org.openapitools.model"></a>org.openapitools.model</h3>
<table border="0" class="bodyTable">
<tr class="a">
<th>-</th>
<th>Class</th>
<th>Tests</th>
<th>Errors</th>
<th>Failures</th>
<th>Skipped</th>
<th>Success Rate</th>
<th>Time</th></tr>
<tr class="b">
<td align="left"><a href="#org.openapitools.model.CollectionAgencyInvolvementRequestPreviousNotificationsTest"><img src="images/icon_success_sml.gif" alt="" /></a></td>
<td><a href="#org.openapitools.model.CollectionAgencyInvolvementRequestPreviousNotificationsTest">CollectionAgencyInvolvementRequestPreviousNotificationsTest</a></td>
<td>3</td>
<td>0</td>
<td>0</td>
<td>0</td>
<td>100%</td>
<td>0.011 s</td></tr>
<tr class="a">
<td align="left"><a href="#org.openapitools.model.CollectionAgencyInvolvementRequestGetResponseStatusTest"><img src="images/icon_success_sml.gif" alt="" /></a></td>
<td><a href="#org.openapitools.model.CollectionAgencyInvolvementRequestGetResponseStatusTest">CollectionAgencyInvolvementRequestGetResponseStatusTest</a></td>
<td>3</td>
<td>0</td>
<td>0</td>
<td>0</td>
<td>100%</td>
<td>0.007 s</td></tr>
<tr class="b">
<td align="left"><a href="#org.openapitools.model.BalanceAlertRequestHashCodeTest"><img src="images/icon_warning_sml.gif" alt="" /></a></td>
<td><a href="#org.openapitools.model.BalanceAlertRequestHashCodeTest">BalanceAlertRequestHashCodeTest</a></td>
<td>3</td>
<td>0</td>
<td>1</td>
<td>0</td>
<td>66.7%</td>
<td>0.008 s</td></tr>
<tr class="a">
<td align="left"><a href="#org.openapitools.model.BalanceAlertRequestEqualsTest"><img src="images/icon_success_sml.gif" alt="" /></a></td>
<td><a href="#org.openapitools.model.BalanceAlertRequestEqualsTest">BalanceAlertRequestEqualsTest</a></td>
<td>5</td>
<td>0</td>
<td>0</td>
<td>0</td>
<td>100%</td>
<td>0.023 s</td></tr>
<tr class="b">
<td align="left"><a href="#org.openapitools.model.BalanceAlertRequestPaymentDueDateTest"><img src="images/icon_success_sml.gif" alt="" /></a></td>
<td><a href="#org.openapitools.model.BalanceAlertRequestPaymentDueDateTest">BalanceAlertRequestPaymentDueDateTest</a></td>
<td>4</td>
<td>0</td>
<td>0</td>
<td>0</td>
<td>100%</td>
<td>0.013 s</td></tr>
<tr class="a">
<td align="left"><a href="#org.openapitools.model.CollectionAgencyInvolvementRequestGetPreviousNotificationsTest"><img src="images/icon_warning_sml.gif" alt="" /></a></td>
<td><a href="#org.openapitools.model.CollectionAgencyInvolvementRequestGetPreviousNotificationsTest">CollectionAgencyInvolvementRequestGetPreviousNotificationsTest</a></td>
<td>4</td>
<td>0</td>
<td>1</td>
<td>0</td>
<td>75.0%</td>
<td>0.011 s</td></tr>
<tr class="b">
<td align="left"><a href="#org.openapitools.model.CollectionAgencyInvolvementRequestHashCodeTest"><img src="images/icon_success_sml.gif" alt="" /></a></td>
<td><a href="#org.openapitools.model.CollectionAgencyInvolvementRequestHashCodeTest">CollectionAgencyInvolvementRequestHashCodeTest</a></td>
<td>4</td>
<td>0</td>
<td>0</td>
<td>0</td>
<td>100%</td>
<td>0.015 s</td></tr>
<tr class="a">
<td align="left"><a href="#org.openapitools.model.BalanceAlertRequestToStringTest"><img src="images/icon_success_sml.gif" alt="" /></a></td>
<td><a href="#org.openapitools.model.BalanceAlertRequestToStringTest">BalanceAlertRequestToStringTest</a></td>
<td>3</td>
<td>0</td>
<td>0</td>
<td>0</td>
<td>100%</td>
<td>0.012 s</td></tr>
<tr class="b">
<td align="left"><a href="#org.openapitools.model.BalanceAlertRequestGetCurrentDateTest"><img src="images/icon_success_sml.gif" alt="" /></a></td>
<td><a href="#org.openapitools.model.BalanceAlertRequestGetCurrentDateTest">BalanceAlertRequestGetCurrentDateTest</a></td>
<td>3</td>
<td>0</td>
<td>0</td>
<td>0</td>
<td>100%</td>
<td>0.009 s</td></tr>
<tr class="a">
<td align="left"><a href="#org.openapitools.model.BalanceAlertRequestGetCardLast4Test"><img src="images/icon_success_sml.gif" alt="" /></a></td>
<td><a href="#org.openapitools.model.BalanceAlertRequestGetCardLast4Test">BalanceAlertRequestGetCardLast4Test</a></td>
<td>3</td>
<td>0</td>
<td>0</td>
<td>0</td>
<td>100%</td>
<td>0.007 s</td></tr>
<tr class="b">
<td align="left"><a href="#org.openapitools.model.CollectionAgencyInvolvementRequestCardLast4Test"><img src="images/icon_warning_sml.gif" alt="" /></a></td>
<td><a href="#org.openapitools.model.CollectionAgencyInvolvementRequestCardLast4Test">CollectionAgencyInvolvementRequestCardLast4Test</a></td>
<td>3</td>
<td>0</td>
<td>1</td>
<td>0</td>
<td>66.7%</td>
<td>0.021 s</td></tr>
<tr class="a">
<td align="left"><a href="#org.openapitools.model.CollectionAgencyInvolvementRequestGetCardLast4Test"><img src="images/icon_success_sml.gif" alt="" /></a></td>
<td><a href="#org.openapitools.model.CollectionAgencyInvolvementRequestGetCardLast4Test">CollectionAgencyInvolvementRequestGetCardLast4Test</a></td>
<td>3</td>
<td>0</td>
<td>0</td>
<td>0</td>
<td>100%</td>
<td>0.014 s</td></tr>
<tr class="b">
<td align="left"><a href="#org.openapitools.model.BalanceAlertRequestCardLast4Test"><img src="images/icon_warning_sml.gif" alt="" /></a></td>
<td><a href="#org.openapitools.model.BalanceAlertRequestCardLast4Test">BalanceAlertRequestCardLast4Test</a></td>
<td>3</td>
<td>0</td>
<td>1</td>
<td>0</td>
<td>66.7%</td>
<td>0.018 s</td></tr>
<tr class="a">
<td align="left"><a href="#org.openapitools.model.CollectionAgencyInvolvementRequestEqualsTest"><img src="images/icon_success_sml.gif" alt="" /></a></td>
<td><a href="#org.openapitools.model.CollectionAgencyInvolvementRequestEqualsTest">CollectionAgencyInvolvementRequestEqualsTest</a></td>
<td>5</td>
<td>0</td>
<td>0</td>
<td>0</td>
<td>100%</td>
<td>0.018 s</td></tr>
<tr class="b">
<td align="left"><a href="#org.openapitools.model.CollectionAgencyInvolvementRequestResponseStatusTest"><img src="images/icon_success_sml.gif" alt="" /></a></td>
<td><a href="#org.openapitools.model.CollectionAgencyInvolvementRequestResponseStatusTest">CollectionAgencyInvolvementRequestResponseStatusTest</a></td>
<td>3</td>
<td>0</td>
<td>0</td>
<td>0</td>
<td>100%</td>
<td>0.010 s</td></tr>
<tr class="a">
<td align="left"><a href="#org.openapitools.model.BalanceAlertRequestGetPaymentDueDateTest"><img src="images/icon_warning_sml.gif" alt="" /></a></td>
<td><a href="#org.openapitools.model.BalanceAlertRequestGetPaymentDueDateTest">BalanceAlertRequestGetPaymentDueDateTest</a></td>
<td>4</td>
<td>0</td>
<td>1</td>
<td>0</td>
<td>75.0%</td>
<td>0.012 s</td></tr>
<tr class="b">
<td align="left"><a href="#org.openapitools.model.BalanceAlertRequestCurrentDateTest"><img src="images/icon_success_sml.gif" alt="" /></a></td>
<td><a href="#org.openapitools.model.BalanceAlertRequestCurrentDateTest">BalanceAlertRequestCurrentDateTest</a></td>
<td>3</td>
<td>0</td>
<td>0</td>
<td>0</td>
<td>100%</td>
<td>0.011 s</td></tr></table></section><section><a id="org.openapitools.api"></a>
<h3><a name="org.openapitools.api"></a>org.openapitools.api</h3>
<table border="0" class="bodyTable">
<tr class="a">
<th>-</th>
<th>Class</th>
<th>Tests</th>
<th>Errors</th>
<th>Failures</th>
<th>Skipped</th>
<th>Success Rate</th>
<th>Time</th></tr>
<tr class="b">
<td align="left"><a href="#org.openapitools.api.NotificationsApiControllerGetRequestTest"><img src="images/icon_success_sml.gif" alt="" /></a></td>
<td><a href="#org.openapitools.api.NotificationsApiControllerGetRequestTest">NotificationsApiControllerGetRequestTest</a></td>
<td>3</td>
<td>0</td>
<td>0</td>
<td>0</td>
<td>100%</td>
<td>0.020 s</td></tr>
<tr class="a">
<td align="left"><a href="#org.openapitools.api.ApiUtilSetExampleResponseTest"><img src="images/icon_warning_sml.gif" alt="" /></a></td>
<td><a href="#org.openapitools.api.ApiUtilSetExampleResponseTest">ApiUtilSetExampleResponseTest</a></td>
<td>5</td>
<td>0</td>
<td>1</td>
<td>0</td>
<td>80.0%</td>
<td>0.950 s</td></tr></table></section><section><a id="org.openapitools.configuration"></a>
<h3><a name="org.openapitools.configuration"></a>org.openapitools.configuration</h3>
<table border="0" class="bodyTable">
<tr class="a">
<th>-</th>
<th>Class</th>
<th>Tests</th>
<th>Errors</th>
<th>Failures</th>
<th>Skipped</th>
<th>Success Rate</th>
<th>Time</th></tr>
<tr class="b">
<td align="left"><a href="#org.openapitools.configuration.SpringDocConfigurationApiInfoTest"><img src="images/icon_success_sml.gif" alt="" /></a></td>
<td><a href="#org.openapitools.configuration.SpringDocConfigurationApiInfoTest">SpringDocConfigurationApiInfoTest</a></td>
<td>4</td>
<td>0</td>
<td>0</td>
<td>0</td>
<td>100%</td>
<td>0.008 s</td></tr>
<tr class="a">
<td align="left"><a href="#org.openapitools.configuration.HomeControllerIndexTest"><img src="images/icon_success_sml.gif" alt="" /></a></td>
<td><a href="#org.openapitools.configuration.HomeControllerIndexTest">HomeControllerIndexTest</a></td>
<td>2</td>
<td>0</td>
<td>0</td>
<td>0</td>
<td>100%</td>
<td>0.064 s</td></tr></table></section><section><a id="org.springframework.boot.api_tests"></a>
<h3><a name="org.springframework.boot.api_tests"></a>org.springframework.boot.api_tests</h3>
<table border="0" class="bodyTable">
<tr class="a">
<th>-</th>
<th>Class</th>
<th>Tests</th>
<th>Errors</th>
<th>Failures</th>
<th>Skipped</th>
<th>Success Rate</th>
<th>Time</th></tr>
<tr class="b">
<td align="left"><a href="#org.springframework.boot.api_tests.ApiTest"><img src="images/icon_success_sml.gif" alt="" /></a></td>
<td><a href="#org.springframework.boot.api_tests.ApiTest">ApiTest</a></td>
<td>1</td>
<td>0</td>
<td>0</td>
<td>0</td>
<td>100%</td>
<td>7.833 s</td></tr></table></section><br /></section><section><a id="Test_Cases"></a>
<h2><a name="Test_Cases"></a>Test Cases</h2>
<p>[<a href="#Summary">Summary</a>] [<a href="#Package_List">Package List</a>] [<a href="#Test_Cases">Test Cases</a>]</p><section><a id="org.openapitools.model.CollectionAgencyInvolvementRequestPreviousNotificationsTest"></a>
<h3><a name="CollectionAgencyInvolvementRequestPreviousNotificationsTest"></a>CollectionAgencyInvolvementRequestPreviousNotificationsTest</h3>
<table border="0" class="bodyTable">
<tr class="a">
<td align="left"><img src="images/icon_success_sml.gif" alt="" /></td>
<td><a id="TC_org.openapitools.model.CollectionAgencyInvolvementRequestPreviousNotificationsTest.testPreviousNotificationsWithEmptyString"></a>testPreviousNotificationsWithEmptyString</td>
<td>0.001 s</td></tr>
<tr class="b">
<td align="left"><img src="images/icon_success_sml.gif" alt="" /></td>
<td><a id="TC_org.openapitools.model.CollectionAgencyInvolvementRequestPreviousNotificationsTest.testPreviousNotificationsWithNullString"></a>testPreviousNotificationsWithNullString</td>
<td>0.005 s</td></tr>
<tr class="a">
<td align="left"><img src="images/icon_success_sml.gif" alt="" /></td>
<td><a id="TC_org.openapitools.model.CollectionAgencyInvolvementRequestPreviousNotificationsTest.testPreviousNotificationsWithValidString"></a>testPreviousNotificationsWithValidString</td>
<td>0.001 s</td></tr></table></section><section><a id="org.openapitools.configuration.SpringDocConfigurationApiInfoTest"></a>
<h3><a name="SpringDocConfigurationApiInfoTest"></a>SpringDocConfigurationApiInfoTest</h3>
<table border="0" class="bodyTable">
<tr class="a">
<td align="left"><img src="images/icon_success_sml.gif" alt="" /></td>
<td><a id="TC_org.openapitools.configuration.SpringDocConfigurationApiInfoTest.testApiInfoReturnsCorrectDescription"></a>testApiInfoReturnsCorrectDescription</td>
<td>0.001 s</td></tr>
<tr class="b">
<td align="left"><img src="images/icon_success_sml.gif" alt="" /></td>
<td><a id="TC_org.openapitools.configuration.SpringDocConfigurationApiInfoTest.testApiInfoReturnsCorrectTitle"></a>testApiInfoReturnsCorrectTitle</td>
<td>0.001 s</td></tr>
<tr class="a">
<td align="left"><img src="images/icon_success_sml.gif" alt="" /></td>
<td><a id="TC_org.openapitools.configuration.SpringDocConfigurationApiInfoTest.testApiInfoReturnsCorrectVersion"></a>testApiInfoReturnsCorrectVersion</td>
<td>0.001 s</td></tr>
<tr class="b">
<td align="left"><img src="images/icon_success_sml.gif" alt="" /></td>
<td><a id="TC_org.openapitools.configuration.SpringDocConfigurationApiInfoTest.testApiInfoReturnsValidOpenAPIObject"></a>testApiInfoReturnsValidOpenAPIObject</td>
<td>0.001 s</td></tr></table></section><section><a id="org.openapitools.api.NotificationsApiControllerGetRequestTest"></a>
<h3><a name="NotificationsApiControllerGetRequestTest"></a>NotificationsApiControllerGetRequestTest</h3>
<table border="0" class="bodyTable">
<tr class="a">
<td align="left"><img src="images/icon_success_sml.gif" alt="" /></td>
<td><a id="TC_org.openapitools.api.NotificationsApiControllerGetRequestTest.testGetRequestMultipleInvocations"></a>testGetRequestMultipleInvocations</td>
<td>0.001 s</td></tr>
<tr class="b">
<td align="left"><img src="images/icon_success_sml.gif" alt="" /></td>
<td><a id="TC_org.openapitools.api.NotificationsApiControllerGetRequestTest.testGetRequestReturnsEmptyOptional"></a>testGetRequestReturnsEmptyOptional</td>
<td>0.002 s</td></tr>
<tr class="a">
<td align="left"><img src="images/icon_success_sml.gif" alt="" /></td>
<td><a id="TC_org.openapitools.api.NotificationsApiControllerGetRequestTest.testGetRequestReturnsNonEmptyOptional"></a>testGetRequestReturnsNonEmptyOptional</td>
<td>0.001 s</td></tr></table></section><section><a id="org.openapitools.model.CollectionAgencyInvolvementRequestGetResponseStatusTest"></a>
<h3><a name="CollectionAgencyInvolvementRequestGetResponseStatusTest"></a>CollectionAgencyInvolvementRequestGetResponseStatusTest</h3>
<table border="0" class="bodyTable">
<tr class="a">
<td align="left"><img src="images/icon_success_sml.gif" alt="" /></td>
<td><a id="TC_org.openapitools.model.CollectionAgencyInvolvementRequestGetResponseStatusTest.testGetResponseStatusReturnsLatest"></a>testGetResponseStatusReturnsLatest</td>
<td>0.003 s</td></tr>
<tr class="b">
<td align="left"><img src="images/icon_success_sml.gif" alt="" /></td>
<td><a id="TC_org.openapitools.model.CollectionAgencyInvolvementRequestGetResponseStatusTest.testGetResponseStatusReturnsNull"></a>testGetResponseStatusReturnsNull</td>
<td>0.001 s</td></tr>
<tr class="a">
<td align="left"><img src="images/icon_success_sml.gif" alt="" /></td>
<td><a id="TC_org.openapitools.model.CollectionAgencyInvolvementRequestGetResponseStatusTest.testGetResponseStatus"></a>testGetResponseStatus</td>
<td>0.001 s</td></tr></table></section><section><a id="org.openapitools.model.BalanceAlertRequestHashCodeTest"></a>
<h3><a name="BalanceAlertRequestHashCodeTest"></a>BalanceAlertRequestHashCodeTest</h3>
<table border="0" class="bodyTable">
<tr class="a">
<td align="left"><img src="images/icon_success_sml.gif" alt="" /></td>
<td><a id="TC_org.openapitools.model.BalanceAlertRequestHashCodeTest.testHashCodeWithNonNullFields"></a>testHashCodeWithNonNullFields</td>
<td>0.001 s</td></tr>
<tr class="b">
<td align="left"><img src="images/icon_success_sml.gif" alt="" /></td>
<td><a id="TC_org.openapitools.model.BalanceAlertRequestHashCodeTest.testHashCodeConsistency"></a>testHashCodeConsistency</td>
<td>0.001 s</td></tr>
<tr class="a">
<td align="left"><a href="#org.openapitools.model.BalanceAlertRequestHashCodeTest.testHashCodeWithNullFields"><img src="images/icon_error_sml.gif" alt="" /></a></td>
<td><a id="TC_org.openapitools.model.BalanceAlertRequestHashCodeTest.testHashCodeWithNullFields"></a><a href="#org.openapitools.model.BalanceAlertRequestHashCodeTest.testHashCodeWithNullFields">testHashCodeWithNullFields</a>
<div class="detailToggle" style="display:inline"><a href="javascript:toggleDisplay('org.openapitools.model.BalanceAlertRequestHashCodeTest.testHashCodeWithNullFields');"><span style="display:inline;" id="org.openapitools.model.BalanceAlertRequestHashCodeTest.testHashCodeWithNullFields-off"> + </span><span style="display:none;" id="org.openapitools.model.BalanceAlertRequestHashCodeTest.testHashCodeWithNullFields-on"> - </span>[ Detail ]</a></div></td>
<td>0.001 s</td></tr>
<tr class="b">
<td align="left">-</td>
<td>expected: &lt;0&gt; but was: &lt;29791&gt;</td>
<td>-</td></tr>
<tr class="a" id="org.openapitools.model.BalanceAlertRequestHashCodeTest.testHashCodeWithNullFields-failure" style="display:none;">
<td align="left">-</td>
<td>
<div class="source">
<pre>org.opentest4j.AssertionFailedError: expected: &lt;0&gt; but was: &lt;29791&gt;
	at org.junit.jupiter.api.AssertionUtils.fail(AssertionUtils.java:55)
	at org.junit.jupiter.api.AssertionUtils.failNotEqual(AssertionUtils.java:62)
	at org.junit.jupiter.api.AssertEquals.assertEquals(AssertEquals.java:150)
	at org.junit.jupiter.api.AssertEquals.assertEquals(AssertEquals.java:145)
	at org.junit.jupiter.api.Assertions.assertEquals(Assertions.java:527)
	at org.openapitools.model.BalanceAlertRequestHashCodeTest.testHashCodeWithNullFields(BalanceAlertRequestHashCodeTest.java:111)
	at java.base/jdk.internal.reflect.DirectMethodHandleAccessor.invoke(DirectMethodHandleAccessor.java:103)
	at java.base/java.lang.reflect.Method.invoke(Method.java:580)
	at org.junit.platform.commons.util.ReflectionUtils.invokeMethod(ReflectionUtils.java:725)
	at org.junit.jupiter.engine.execution.MethodInvocation.proceed(MethodInvocation.java:60)
	at org.junit.jupiter.engine.execution.InvocationInterceptorChain$ValidatingInvocation.proceed(InvocationInterceptorChain.java:131)
	at org.junit.jupiter.engine.extension.TimeoutExtension.intercept(TimeoutExtension.java:149)
	at org.junit.jupiter.engine.extension.TimeoutExtension.interceptTestableMethod(TimeoutExtension.java:140)
	at org.junit.jupiter.engine.extension.TimeoutExtension.interceptTestMethod(TimeoutExtension.java:84)
	at org.junit.jupiter.engine.execution.ExecutableInvoker$ReflectiveInterceptorCall.lambda$ofVoidMethod$0(ExecutableInvoker.java:115)
	at org.junit.jupiter.engine.execution.ExecutableInvoker.lambda$invoke$0(ExecutableInvoker.java:105)
	at org.junit.jupiter.engine.execution.InvocationInterceptorChain$InterceptedInvocation.proceed(InvocationInterceptorChain.java:106)
	at org.junit.jupiter.engine.execution.InvocationInterceptorChain.proceed(InvocationInterceptorChain.java:64)
	at org.junit.jupiter.engine.execution.InvocationInterceptorChain.chainAndInvoke(InvocationInterceptorChain.java:45)
	at org.junit.jupiter.engine.execution.InvocationInterceptorChain.invoke(InvocationInterceptorChain.java:37)
	at org.junit.jupiter.engine.execution.ExecutableInvoker.invoke(ExecutableInvoker.java:104)
	at org.junit.jupiter.engine.execution.ExecutableInvoker.invoke(ExecutableInvoker.java:98)
	at org.junit.jupiter.engine.descriptor.TestMethodTestDescriptor.lambda$invokeTestMethod$7(TestMethodTestDescriptor.java:214)
	at org.junit.platform.engine.support.hierarchical.ThrowableCollector.execute(ThrowableCollector.java:73)
	at org.junit.jupiter.engine.descriptor.TestMethodTestDescriptor.invokeTestMethod(TestMethodTestDescriptor.java:210)
	at org.junit.jupiter.engine.descriptor.TestMethodTestDescriptor.execute(TestMethodTestDescriptor.java:135)
	at org.junit.jupiter.engine.descriptor.TestMethodTestDescriptor.execute(TestMethodTestDescriptor.java:66)
	at org.junit.platform.engine.support.hierarchical.NodeTestTask.lambda$executeRecursively$6(NodeTestTask.java:151)
	at org.junit.platform.engine.support.hierarchical.ThrowableCollector.execute(ThrowableCollector.java:73)
	at org.junit.platform.engine.support.hierarchical.NodeTestTask.lambda$executeRecursively$8(NodeTestTask.java:141)
	at org.junit.platform.engine.support.hierarchical.Node.around(Node.java:137)
	at org.junit.platform.engine.support.hierarchical.NodeTestTask.lambda$executeRecursively$9(NodeTestTask.java:139)
	at org.junit.platform.engine.support.hierarchical.ThrowableCollector.execute(ThrowableCollector.java:73)
	at org.junit.platform.engine.support.hierarchical.NodeTestTask.executeRecursively(NodeTestTask.java:138)
	at org.junit.platform.engine.support.hierarchical.NodeTestTask.execute(NodeTestTask.java:95)
	at java.base/java.util.ArrayList.forEach(ArrayList.java:1596)
	at org.junit.platform.engine.support.hierarchical.SameThreadHierarchicalTestExecutorService.invokeAll(SameThreadHierarchicalTestExecutorService.java:41)
	at org.junit.platform.engine.support.hierarchical.NodeTestTask.lambda$executeRecursively$6(NodeTestTask.java:155)
	at org.junit.platform.engine.support.hierarchical.ThrowableCollector.execute(ThrowableCollector.java:73)
	at org.junit.platform.engine.support.hierarchical.NodeTestTask.lambda$executeRecursively$8(NodeTestTask.java:141)
	at org.junit.platform.engine.support.hierarchical.Node.around(Node.java:137)
	at org.junit.platform.engine.support.hierarchical.NodeTestTask.lambda$executeRecursively$9(NodeTestTask.java:139)
	at org.junit.platform.engine.support.hierarchical.ThrowableCollector.execute(ThrowableCollector.java:73)
	at org.junit.platform.engine.support.hierarchical.NodeTestTask.executeRecursively(NodeTestTask.java:138)
	at org.junit.platform.engine.support.hierarchical.NodeTestTask.execute(NodeTestTask.java:95)
	at java.base/java.util.ArrayList.forEach(ArrayList.java:1596)
	at org.junit.platform.engine.support.hierarchical.SameThreadHierarchicalTestExecutorService.invokeAll(SameThreadHierarchicalTestExecutorService.java:41)
	at org.junit.platform.engine.support.hierarchical.NodeTestTask.lambda$executeRecursively$6(NodeTestTask.java:155)
	at org.junit.platform.engine.support.hierarchical.ThrowableCollector.execute(ThrowableCollector.java:73)
	at org.junit.platform.engine.support.hierarchical.NodeTestTask.lambda$executeRecursively$8(NodeTestTask.java:141)
	at org.junit.platform.engine.support.hierarchical.Node.around(Node.java:137)
	at org.junit.platform.engine.support.hierarchical.NodeTestTask.lambda$executeRecursively$9(NodeTestTask.java:139)
	at org.junit.platform.engine.support.hierarchical.ThrowableCollector.execute(ThrowableCollector.java:73)
	at org.junit.platform.engine.support.hierarchical.NodeTestTask.executeRecursively(NodeTestTask.java:138)
	at org.junit.platform.engine.support.hierarchical.NodeTestTask.execute(NodeTestTask.java:95)
	at org.junit.platform.engine.support.hierarchical.SameThreadHierarchicalTestExecutorService.submit(SameThreadHierarchicalTestExecutorService.java:35)
	at org.junit.platform.engine.support.hierarchical.HierarchicalTestExecutor.execute(HierarchicalTestExecutor.java:57)
	at org.junit.platform.engine.support.hierarchical.HierarchicalTestEngine.execute(HierarchicalTestEngine.java:54)
	at org.junit.platform.launcher.core.EngineExecutionOrchestrator.execute(EngineExecutionOrchestrator.java:107)
	at org.junit.platform.launcher.core.EngineExecutionOrchestrator.execute(EngineExecutionOrchestrator.java:88)
	at org.junit.platform.launcher.core.EngineExecutionOrchestrator.lambda$execute$0(EngineExecutionOrchestrator.java:54)
	at org.junit.platform.launcher.core.EngineExecutionOrchestrator.withInterceptedStreams(EngineExecutionOrchestrator.java:67)
	at org.junit.platform.launcher.core.EngineExecutionOrchestrator.execute(EngineExecutionOrchestrator.java:52)
	at org.junit.platform.launcher.core.DefaultLauncher.execute(DefaultLauncher.java:114)
	at org.junit.platform.launcher.core.DefaultLauncher.execute(DefaultLauncher.java:86)
	at org.junit.platform.launcher.core.DefaultLauncherSession$DelegatingLauncher.execute(DefaultLauncherSession.java:86)
	at org.apache.maven.surefire.junitplatform.LazyLauncher.execute(LazyLauncher.java:56)
	at org.apache.maven.surefire.junitplatform.JUnitPlatformProvider.execute(JUnitPlatformProvider.java:184)
	at org.apache.maven.surefire.junitplatform.JUnitPlatformProvider.invokeAllTests(JUnitPlatformProvider.java:148)
	at org.apache.maven.surefire.junitplatform.JUnitPlatformProvider.invoke(JUnitPlatformProvider.java:122)
	at org.apache.maven.surefire.booter.ForkedBooter.runSuitesInProcess(ForkedBooter.java:385)
	at org.apache.maven.surefire.booter.ForkedBooter.execute(ForkedBooter.java:162)
	at org.apache.maven.surefire.booter.ForkedBooter.run(ForkedBooter.java:507)
	at org.apache.maven.surefire.booter.ForkedBooter.main(ForkedBooter.java:495)
</pre></div></td>
<td>-</td></tr></table></section><section><a id="org.openapitools.model.BalanceAlertRequestEqualsTest"></a>
<h3><a name="BalanceAlertRequestEqualsTest"></a>BalanceAlertRequestEqualsTest</h3>
<table border="0" class="bodyTable">
<tr class="a">
<td align="left"><img src="images/icon_success_sml.gif" alt="" /></td>
<td><a id="TC_org.openapitools.model.BalanceAlertRequestEqualsTest.testObjectsOfDifferentClassesEquality"></a>testObjectsOfDifferentClassesEquality</td>
<td>0.002 s</td></tr>
<tr class="b">
<td align="left"><img src="images/icon_success_sml.gif" alt="" /></td>
<td><a id="TC_org.openapitools.model.BalanceAlertRequestEqualsTest.testSameObjectsEquality"></a>testSameObjectsEquality</td>
<td>0.001 s</td></tr>
<tr class="a">
<td align="left"><img src="images/icon_success_sml.gif" alt="" /></td>
<td><a id="TC_org.openapitools.model.BalanceAlertRequestEqualsTest.testDifferentObjectsWithSamePropertiesEquality"></a>testDifferentObjectsWithSamePropertiesEquality</td>
<td>0.001 s</td></tr>
<tr class="b">
<td align="left"><img src="images/icon_success_sml.gif" alt="" /></td>
<td><a id="TC_org.openapitools.model.BalanceAlertRequestEqualsTest.testObjectAndNullEquality"></a>testObjectAndNullEquality</td>
<td>0.006 s</td></tr>
<tr class="a">
<td align="left"><img src="images/icon_success_sml.gif" alt="" /></td>
<td><a id="TC_org.openapitools.model.BalanceAlertRequestEqualsTest.testObjectsWithDifferentPropertiesEquality"></a>testObjectsWithDifferentPropertiesEquality</td>
<td>0.003 s</td></tr></table></section><section><a id="org.openapitools.OpenApiGeneratorApplicationJsonNullableModuleTest"></a>
<h3><a name="OpenApiGeneratorApplicationJsonNullableModuleTest"></a>OpenApiGeneratorApplicationJsonNullableModuleTest</h3>
<table border="0" class="bodyTable">
<tr class="a">
<td align="left"><img src="images/icon_success_sml.gif" alt="" /></td>
<td><a id="TC_org.openapitools.OpenApiGeneratorApplicationJsonNullableModuleTest.testJsonNullableModuleReturnsCorrectInstance"></a>testJsonNullableModuleReturnsCorrectInstance</td>
<td>0.006 s</td></tr>
<tr class="b">
<td align="left"><img src="images/icon_success_sml.gif" alt="" /></td>
<td><a id="TC_org.openapitools.OpenApiGeneratorApplicationJsonNullableModuleTest.testJsonNullableModuleReturnsNonNullValue"></a>testJsonNullableModuleReturnsNonNullValue</td>
<td>0.002 s</td></tr>
<tr class="a">
<td align="left"><img src="images/icon_success_sml.gif" alt="" /></td>
<td><a id="TC_org.openapitools.OpenApiGeneratorApplicationJsonNullableModuleTest.testJsonNullableModuleReturnsNewInstanceEachTime"></a>testJsonNullableModuleReturnsNewInstanceEachTime</td>
<td>0.002 s</td></tr></table></section><section><a id="org.openapitools.model.BalanceAlertRequestPaymentDueDateTest"></a>
<h3><a name="BalanceAlertRequestPaymentDueDateTest"></a>BalanceAlertRequestPaymentDueDateTest</h3>
<table border="0" class="bodyTable">
<tr class="a">
<td align="left"><img src="images/icon_success_sml.gif" alt="" /></td>
<td><a id="TC_org.openapitools.model.BalanceAlertRequestPaymentDueDateTest.testPaymentDueDateWithValidDate"></a>testPaymentDueDateWithValidDate</td>
<td>0.001 s</td></tr>
<tr class="b">
<td align="left"><img src="images/icon_success_sml.gif" alt="" /></td>
<td><a id="TC_org.openapitools.model.BalanceAlertRequestPaymentDueDateTest.testPaymentDueDateWithPastDate"></a>testPaymentDueDateWithPastDate</td>
<td>0.001 s</td></tr>
<tr class="a">
<td align="left"><img src="images/icon_success_sml.gif" alt="" /></td>
<td><a id="TC_org.openapitools.model.BalanceAlertRequestPaymentDueDateTest.testPaymentDueDateWithFutureDate"></a>testPaymentDueDateWithFutureDate</td>
<td>0.002 s</td></tr>
<tr class="b">
<td align="left"><img src="images/icon_success_sml.gif" alt="" /></td>
<td><a id="TC_org.openapitools.model.BalanceAlertRequestPaymentDueDateTest.testPaymentDueDateWithNullDate"></a>testPaymentDueDateWithNullDate</td>
<td>0.002 s</td></tr></table></section><section><a id="org.openapitools.model.CollectionAgencyInvolvementRequestGetPreviousNotificationsTest"></a>
<h3><a name="CollectionAgencyInvolvementRequestGetPreviousNotificationsTest"></a>CollectionAgencyInvolvementRequestGetPreviousNotificationsTest</h3>
<table border="0" class="bodyTable">
<tr class="a">
<td align="left"><img src="images/icon_success_sml.gif" alt="" /></td>
<td><a id="TC_org.openapitools.model.CollectionAgencyInvolvementRequestGetPreviousNotificationsTest.testGetPreviousNotificationsInteractionWithHashCode"></a>testGetPreviousNotificationsInteractionWithHashCode</td>
<td>0.001 s</td></tr>
<tr class="b">
<td align="left"><img src="images/icon_success_sml.gif" alt="" /></td>
<td><a id="TC_org.openapitools.model.CollectionAgencyInvolvementRequestGetPreviousNotificationsTest.testGetPreviousNotificationsReturnsCorrectValue"></a>testGetPreviousNotificationsReturnsCorrectValue</td>
<td>0.002 s</td></tr>
<tr class="a">
<td align="left"><a href="#org.openapitools.model.CollectionAgencyInvolvementRequestGetPreviousNotificationsTest.testGetPreviousNotificationsReturnsNotNull"><img src="images/icon_error_sml.gif" alt="" /></a></td>
<td><a id="TC_org.openapitools.model.CollectionAgencyInvolvementRequestGetPreviousNotificationsTest.testGetPreviousNotificationsReturnsNotNull"></a><a href="#org.openapitools.model.CollectionAgencyInvolvementRequestGetPreviousNotificationsTest.testGetPreviousNotificationsReturnsNotNull">testGetPreviousNotificationsReturnsNotNull</a>
<div class="detailToggle" style="display:inline"><a href="javascript:toggleDisplay('org.openapitools.model.CollectionAgencyInvolvementRequestGetPreviousNotificationsTest.testGetPreviousNotificationsReturnsNotNull');"><span style="display:inline;" id="org.openapitools.model.CollectionAgencyInvolvementRequestGetPreviousNotificationsTest.testGetPreviousNotificationsReturnsNotNull-off"> + </span><span style="display:none;" id="org.openapitools.model.CollectionAgencyInvolvementRequestGetPreviousNotificationsTest.testGetPreviousNotificationsReturnsNotNull-on"> - </span>[ Detail ]</a></div></td>
<td>0.002 s</td></tr>
<tr class="b">
<td align="left">-</td>
<td>The returned value is null but expected not null. ==&gt; expected: not &lt;null&gt;</td>
<td>-</td></tr>
<tr class="a" id="org.openapitools.model.CollectionAgencyInvolvementRequestGetPreviousNotificationsTest.testGetPreviousNotificationsReturnsNotNull-failure" style="display:none;">
<td align="left">-</td>
<td>
<div class="source">
<pre>org.opentest4j.AssertionFailedError: The returned value is null but expected not null. ==&gt; expected: not &lt;null&gt;
	at org.junit.jupiter.api.AssertionUtils.fail(AssertionUtils.java:39)
	at org.junit.jupiter.api.Assertions.fail(Assertions.java:134)
	at org.junit.jupiter.api.AssertNotNull.failNull(AssertNotNull.java:47)
	at org.junit.jupiter.api.AssertNotNull.assertNotNull(AssertNotNull.java:36)
	at org.junit.jupiter.api.Assertions.assertNotNull(Assertions.java:308)
	at org.openapitools.model.CollectionAgencyInvolvementRequestGetPreviousNotificationsTest.testGetPreviousNotificationsReturnsNotNull(CollectionAgencyInvolvementRequestGetPreviousNotificationsTest.java:122)
	at java.base/jdk.internal.reflect.DirectMethodHandleAccessor.invoke(DirectMethodHandleAccessor.java:103)
	at java.base/java.lang.reflect.Method.invoke(Method.java:580)
	at org.junit.platform.commons.util.ReflectionUtils.invokeMethod(ReflectionUtils.java:725)
	at org.junit.jupiter.engine.execution.MethodInvocation.proceed(MethodInvocation.java:60)
	at org.junit.jupiter.engine.execution.InvocationInterceptorChain$ValidatingInvocation.proceed(InvocationInterceptorChain.java:131)
	at org.junit.jupiter.engine.extension.TimeoutExtension.intercept(TimeoutExtension.java:149)
	at org.junit.jupiter.engine.extension.TimeoutExtension.interceptTestableMethod(TimeoutExtension.java:140)
	at org.junit.jupiter.engine.extension.TimeoutExtension.interceptTestMethod(TimeoutExtension.java:84)
	at org.junit.jupiter.engine.execution.ExecutableInvoker$ReflectiveInterceptorCall.lambda$ofVoidMethod$0(ExecutableInvoker.java:115)
	at org.junit.jupiter.engine.execution.ExecutableInvoker.lambda$invoke$0(ExecutableInvoker.java:105)
	at org.junit.jupiter.engine.execution.InvocationInterceptorChain$InterceptedInvocation.proceed(InvocationInterceptorChain.java:106)
	at org.junit.jupiter.engine.execution.InvocationInterceptorChain.proceed(InvocationInterceptorChain.java:64)
	at org.junit.jupiter.engine.execution.InvocationInterceptorChain.chainAndInvoke(InvocationInterceptorChain.java:45)
	at org.junit.jupiter.engine.execution.InvocationInterceptorChain.invoke(InvocationInterceptorChain.java:37)
	at org.junit.jupiter.engine.execution.ExecutableInvoker.invoke(ExecutableInvoker.java:104)
	at org.junit.jupiter.engine.execution.ExecutableInvoker.invoke(ExecutableInvoker.java:98)
	at org.junit.jupiter.engine.descriptor.TestMethodTestDescriptor.lambda$invokeTestMethod$7(TestMethodTestDescriptor.java:214)
	at org.junit.platform.engine.support.hierarchical.ThrowableCollector.execute(ThrowableCollector.java:73)
	at org.junit.jupiter.engine.descriptor.TestMethodTestDescriptor.invokeTestMethod(TestMethodTestDescriptor.java:210)
	at org.junit.jupiter.engine.descriptor.TestMethodTestDescriptor.execute(TestMethodTestDescriptor.java:135)
	at org.junit.jupiter.engine.descriptor.TestMethodTestDescriptor.execute(TestMethodTestDescriptor.java:66)
	at org.junit.platform.engine.support.hierarchical.NodeTestTask.lambda$executeRecursively$6(NodeTestTask.java:151)
	at org.junit.platform.engine.support.hierarchical.ThrowableCollector.execute(ThrowableCollector.java:73)
	at org.junit.platform.engine.support.hierarchical.NodeTestTask.lambda$executeRecursively$8(NodeTestTask.java:141)
	at org.junit.platform.engine.support.hierarchical.Node.around(Node.java:137)
	at org.junit.platform.engine.support.hierarchical.NodeTestTask.lambda$executeRecursively$9(NodeTestTask.java:139)
	at org.junit.platform.engine.support.hierarchical.ThrowableCollector.execute(ThrowableCollector.java:73)
	at org.junit.platform.engine.support.hierarchical.NodeTestTask.executeRecursively(NodeTestTask.java:138)
	at org.junit.platform.engine.support.hierarchical.NodeTestTask.execute(NodeTestTask.java:95)
	at java.base/java.util.ArrayList.forEach(ArrayList.java:1596)
	at org.junit.platform.engine.support.hierarchical.SameThreadHierarchicalTestExecutorService.invokeAll(SameThreadHierarchicalTestExecutorService.java:41)
	at org.junit.platform.engine.support.hierarchical.NodeTestTask.lambda$executeRecursively$6(NodeTestTask.java:155)
	at org.junit.platform.engine.support.hierarchical.ThrowableCollector.execute(ThrowableCollector.java:73)
	at org.junit.platform.engine.support.hierarchical.NodeTestTask.lambda$executeRecursively$8(NodeTestTask.java:141)
	at org.junit.platform.engine.support.hierarchical.Node.around(Node.java:137)
	at org.junit.platform.engine.support.hierarchical.NodeTestTask.lambda$executeRecursively$9(NodeTestTask.java:139)
	at org.junit.platform.engine.support.hierarchical.ThrowableCollector.execute(ThrowableCollector.java:73)
	at org.junit.platform.engine.support.hierarchical.NodeTestTask.executeRecursively(NodeTestTask.java:138)
	at org.junit.platform.engine.support.hierarchical.NodeTestTask.execute(NodeTestTask.java:95)
	at java.base/java.util.ArrayList.forEach(ArrayList.java:1596)
	at org.junit.platform.engine.support.hierarchical.SameThreadHierarchicalTestExecutorService.invokeAll(SameThreadHierarchicalTestExecutorService.java:41)
	at org.junit.platform.engine.support.hierarchical.NodeTestTask.lambda$executeRecursively$6(NodeTestTask.java:155)
	at org.junit.platform.engine.support.hierarchical.ThrowableCollector.execute(ThrowableCollector.java:73)
	at org.junit.platform.engine.support.hierarchical.NodeTestTask.lambda$executeRecursively$8(NodeTestTask.java:141)
	at org.junit.platform.engine.support.hierarchical.Node.around(Node.java:137)
	at org.junit.platform.engine.support.hierarchical.NodeTestTask.lambda$executeRecursively$9(NodeTestTask.java:139)
	at org.junit.platform.engine.support.hierarchical.ThrowableCollector.execute(ThrowableCollector.java:73)
	at org.junit.platform.engine.support.hierarchical.NodeTestTask.executeRecursively(NodeTestTask.java:138)
	at org.junit.platform.engine.support.hierarchical.NodeTestTask.execute(NodeTestTask.java:95)
	at org.junit.platform.engine.support.hierarchical.SameThreadHierarchicalTestExecutorService.submit(SameThreadHierarchicalTestExecutorService.java:35)
	at org.junit.platform.engine.support.hierarchical.HierarchicalTestExecutor.execute(HierarchicalTestExecutor.java:57)
	at org.junit.platform.engine.support.hierarchical.HierarchicalTestEngine.execute(HierarchicalTestEngine.java:54)
	at org.junit.platform.launcher.core.EngineExecutionOrchestrator.execute(EngineExecutionOrchestrator.java:107)
	at org.junit.platform.launcher.core.EngineExecutionOrchestrator.execute(EngineExecutionOrchestrator.java:88)
	at org.junit.platform.launcher.core.EngineExecutionOrchestrator.lambda$execute$0(EngineExecutionOrchestrator.java:54)
	at org.junit.platform.launcher.core.EngineExecutionOrchestrator.withInterceptedStreams(EngineExecutionOrchestrator.java:67)
	at org.junit.platform.launcher.core.EngineExecutionOrchestrator.execute(EngineExecutionOrchestrator.java:52)
	at org.junit.platform.launcher.core.DefaultLauncher.execute(DefaultLauncher.java:114)
	at org.junit.platform.launcher.core.DefaultLauncher.execute(DefaultLauncher.java:86)
	at org.junit.platform.launcher.core.DefaultLauncherSession$DelegatingLauncher.execute(DefaultLauncherSession.java:86)
	at org.apache.maven.surefire.junitplatform.LazyLauncher.execute(LazyLauncher.java:56)
	at org.apache.maven.surefire.junitplatform.JUnitPlatformProvider.execute(JUnitPlatformProvider.java:184)
	at org.apache.maven.surefire.junitplatform.JUnitPlatformProvider.invokeAllTests(JUnitPlatformProvider.java:148)
	at org.apache.maven.surefire.junitplatform.JUnitPlatformProvider.invoke(JUnitPlatformProvider.java:122)
	at org.apache.maven.surefire.booter.ForkedBooter.runSuitesInProcess(ForkedBooter.java:385)
	at org.apache.maven.surefire.booter.ForkedBooter.execute(ForkedBooter.java:162)
	at org.apache.maven.surefire.booter.ForkedBooter.run(ForkedBooter.java:507)
	at org.apache.maven.surefire.booter.ForkedBooter.main(ForkedBooter.java:495)
</pre></div></td>
<td>-</td></tr>
<tr class="b">
<td align="left"><img src="images/icon_success_sml.gif" alt="" /></td>
<td><a id="TC_org.openapitools.model.CollectionAgencyInvolvementRequestGetPreviousNotificationsTest.testGetPreviousNotificationsInteractionWithEquals"></a>testGetPreviousNotificationsInteractionWithEquals</td>
<td>0.002 s</td></tr></table></section><section><a id="org.openapitools.model.CollectionAgencyInvolvementRequestHashCodeTest"></a>
<h3><a name="CollectionAgencyInvolvementRequestHashCodeTest"></a>CollectionAgencyInvolvementRequestHashCodeTest</h3>
<table border="0" class="bodyTable">
<tr class="a">
<td align="left"><img src="images/icon_success_sml.gif" alt="" /></td>
<td><a id="TC_org.openapitools.model.CollectionAgencyInvolvementRequestHashCodeTest.testHashCodeWithEqualObjects"></a>testHashCodeWithEqualObjects</td>
<td>0.002 s</td></tr>
<tr class="b">
<td align="left"><img src="images/icon_success_sml.gif" alt="" /></td>
<td><a id="TC_org.openapitools.model.CollectionAgencyInvolvementRequestHashCodeTest.testHashCodeWithNullProperties"></a>testHashCodeWithNullProperties</td>
<td>0.004 s</td></tr>
<tr class="a">
<td align="left"><img src="images/icon_success_sml.gif" alt="" /></td>
<td><a id="TC_org.openapitools.model.CollectionAgencyInvolvementRequestHashCodeTest.testHashCodeWithDifferentOrderOfProperties"></a>testHashCodeWithDifferentOrderOfProperties</td>
<td>0.001 s</td></tr>
<tr class="b">
<td align="left"><img src="images/icon_success_sml.gif" alt="" /></td>
<td><a id="TC_org.openapitools.model.CollectionAgencyInvolvementRequestHashCodeTest.testHashCodeWithUnequalObjects"></a>testHashCodeWithUnequalObjects</td>
<td>0 s</td></tr></table></section><section><a id="org.springframework.boot.api_tests.ApiTest"></a>
<h3><a name="ApiTest"></a>ApiTest</h3>
<table border="0" class="bodyTable">
<tr class="a">
<td align="left"><img src="images/icon_success_sml.gif" alt="" /></td>
<td><a id="TC_org.springframework.boot.api_tests.ApiTest.testAll"></a>testAll</td>
<td>7.796 s</td></tr></table></section><section><a id="org.openapitools.model.BalanceAlertRequestToStringTest"></a>
<h3><a name="BalanceAlertRequestToStringTest"></a>BalanceAlertRequestToStringTest</h3>
<table border="0" class="bodyTable">
<tr class="a">
<td align="left"><img src="images/icon_success_sml.gif" alt="" /></td>
<td><a id="TC_org.openapitools.model.BalanceAlertRequestToStringTest.testToStringForDifferentObjects"></a>testToStringForDifferentObjects</td>
<td>0.004 s</td></tr>
<tr class="b">
<td align="left"><img src="images/icon_success_sml.gif" alt="" /></td>
<td><a id="TC_org.openapitools.model.BalanceAlertRequestToStringTest.testToStringWithNullValues"></a>testToStringWithNullValues</td>
<td>0.002 s</td></tr>
<tr class="a">
<td align="left"><img src="images/icon_success_sml.gif" alt="" /></td>
<td><a id="TC_org.openapitools.model.BalanceAlertRequestToStringTest.testToStringMethod"></a>testToStringMethod</td>
<td>0.002 s</td></tr></table></section><section><a id="org.openapitools.Rfc3339DateFormatCloneTest"></a>
<h3><a name="Rfc3339DateFormatCloneTest"></a>Rfc3339DateFormatCloneTest</h3>
<table border="0" class="bodyTable">
<tr class="a">
<td align="left"><img src="images/icon_success_sml.gif" alt="" /></td>
<td><a id="TC_org.openapitools.Rfc3339DateFormatCloneTest.testCloneObjectIdentity"></a>testCloneObjectIdentity</td>
<td>0.003 s</td></tr>
<tr class="b">
<td align="left"><img src="images/icon_success_sml.gif" alt="" /></td>
<td><a id="TC_org.openapitools.Rfc3339DateFormatCloneTest.testCloneMultipleCalls"></a>testCloneMultipleCalls</td>
<td>0.003 s</td></tr>
<tr class="a">
<td align="left"><img src="images/icon_success_sml.gif" alt="" /></td>
<td><a id="TC_org.openapitools.Rfc3339DateFormatCloneTest.testCloneTypeConsistency"></a>testCloneTypeConsistency</td>
<td>0.003 s</td></tr></table></section><section><a id="org.openapitools.model.BalanceAlertRequestGetCurrentDateTest"></a>
<h3><a name="BalanceAlertRequestGetCurrentDateTest"></a>BalanceAlertRequestGetCurrentDateTest</h3>
<table border="0" class="bodyTable">
<tr class="a">
<td align="left"><img src="images/icon_success_sml.gif" alt="" /></td>
<td><a id="TC_org.openapitools.model.BalanceAlertRequestGetCurrentDateTest.testGetCurrentDateAfterSettingDifferentDate"></a>testGetCurrentDateAfterSettingDifferentDate</td>
<td>0.001 s</td></tr>
<tr class="b">
<td align="left"><img src="images/icon_success_sml.gif" alt="" /></td>
<td><a id="TC_org.openapitools.model.BalanceAlertRequestGetCurrentDateTest.testGetCurrentDateReturnsCurrentDate"></a>testGetCurrentDateReturnsCurrentDate</td>
<td>0.001 s</td></tr>
<tr class="a">
<td align="left"><img src="images/icon_success_sml.gif" alt="" /></td>
<td><a id="TC_org.openapitools.model.BalanceAlertRequestGetCurrentDateTest.testGetCurrentDateWithoutSettingDate"></a>testGetCurrentDateWithoutSettingDate</td>
<td>0.002 s</td></tr></table></section><section><a id="org.openapitools.model.BalanceAlertRequestGetCardLast4Test"></a>
<h3><a name="BalanceAlertRequestGetCardLast4Test"></a>BalanceAlertRequestGetCardLast4Test</h3>
<table border="0" class="bodyTable">
<tr class="a">
<td align="left"><img src="images/icon_success_sml.gif" alt="" /></td>
<td><a id="TC_org.openapitools.model.BalanceAlertRequestGetCardLast4Test.testGetCardLast4WithValidCardNumber"></a>testGetCardLast4WithValidCardNumber</td>
<td>0.001 s</td></tr>
<tr class="b">
<td align="left"><img src="images/icon_success_sml.gif" alt="" /></td>
<td><a id="TC_org.openapitools.model.BalanceAlertRequestGetCardLast4Test.testGetCardLast4WithEmptyString"></a>testGetCardLast4WithEmptyString</td>
<td>0.001 s</td></tr>
<tr class="a">
<td align="left"><img src="images/icon_success_sml.gif" alt="" /></td>
<td><a id="TC_org.openapitools.model.BalanceAlertRequestGetCardLast4Test.testGetCardLast4WithoutSettingCardNumber"></a>testGetCardLast4WithoutSettingCardNumber</td>
<td>0.001 s</td></tr></table></section><section><a id="org.openapitools.api.ApiUtilSetExampleResponseTest"></a>
<h3><a name="ApiUtilSetExampleResponseTest"></a>ApiUtilSetExampleResponseTest</h3>
<table border="0" class="bodyTable">
<tr class="a">
<td align="left"><img src="images/icon_success_sml.gif" alt="" /></td>
<td><a id="TC_org.openapitools.api.ApiUtilSetExampleResponseTest.setExampleResponseWithIOException"></a>setExampleResponseWithIOException</td>
<td>0.916 s</td></tr>
<tr class="b">
<td align="left"><img src="images/icon_success_sml.gif" alt="" /></td>
<td><a id="TC_org.openapitools.api.ApiUtilSetExampleResponseTest.validSetExampleResponse"></a>validSetExampleResponse</td>
<td>0.018 s</td></tr>
<tr class="a">
<td align="left"><img src="images/icon_success_sml.gif" alt="" /></td>
<td><a id="TC_org.openapitools.api.ApiUtilSetExampleResponseTest.setExampleResponseWithNullRequest"></a>setExampleResponseWithNullRequest</td>
<td>0.001 s</td></tr>
<tr class="b">
<td align="left"><img src="images/icon_success_sml.gif" alt="" /></td>
<td><a id="TC_org.openapitools.api.ApiUtilSetExampleResponseTest.setExampleResponseWithNullContentType"></a>setExampleResponseWithNullContentType</td>
<td>0.005 s</td></tr>
<tr class="a">
<td align="left"><a href="#org.openapitools.api.ApiUtilSetExampleResponseTest.setExampleResponseWithNullExample"><img src="images/icon_error_sml.gif" alt="" /></a></td>
<td><a id="TC_org.openapitools.api.ApiUtilSetExampleResponseTest.setExampleResponseWithNullExample"></a><a href="#org.openapitools.api.ApiUtilSetExampleResponseTest.setExampleResponseWithNullExample">setExampleResponseWithNullExample</a>
<div class="detailToggle" style="display:inline"><a href="javascript:toggleDisplay('org.openapitools.api.ApiUtilSetExampleResponseTest.setExampleResponseWithNullExample');"><span style="display:inline;" id="org.openapitools.api.ApiUtilSetExampleResponseTest.setExampleResponseWithNullExample-off"> + </span><span style="display:none;" id="org.openapitools.api.ApiUtilSetExampleResponseTest.setExampleResponseWithNullExample-on"> - </span>[ Detail ]</a></div></td>
<td>0.004 s</td></tr>
<tr class="b">
<td align="left">-</td>
<td>expected: &lt;&gt; but was: &lt;null&gt;</td>
<td>-</td></tr>
<tr class="a" id="org.openapitools.api.ApiUtilSetExampleResponseTest.setExampleResponseWithNullExample-failure" style="display:none;">
<td align="left">-</td>
<td>
<div class="source">
<pre>org.opentest4j.AssertionFailedError: expected: &lt;&gt; but was: &lt;null&gt;
	at org.junit.jupiter.api.AssertionUtils.fail(AssertionUtils.java:55)
	at org.junit.jupiter.api.AssertionUtils.failNotEqual(AssertionUtils.java:62)
	at org.junit.jupiter.api.AssertEquals.assertEquals(AssertEquals.java:182)
	at org.junit.jupiter.api.AssertEquals.assertEquals(AssertEquals.java:177)
	at org.junit.jupiter.api.Assertions.assertEquals(Assertions.java:1141)
	at org.openapitools.api.ApiUtilSetExampleResponseTest.setExampleResponseWithNullExample(ApiUtilSetExampleResponseTest.java:163)
	at java.base/jdk.internal.reflect.DirectMethodHandleAccessor.invoke(DirectMethodHandleAccessor.java:103)
	at java.base/java.lang.reflect.Method.invoke(Method.java:580)
	at org.junit.platform.commons.util.ReflectionUtils.invokeMethod(ReflectionUtils.java:725)
	at org.junit.jupiter.engine.execution.MethodInvocation.proceed(MethodInvocation.java:60)
	at org.junit.jupiter.engine.execution.InvocationInterceptorChain$ValidatingInvocation.proceed(InvocationInterceptorChain.java:131)
	at org.junit.jupiter.engine.extension.TimeoutExtension.intercept(TimeoutExtension.java:149)
	at org.junit.jupiter.engine.extension.TimeoutExtension.interceptTestableMethod(TimeoutExtension.java:140)
	at org.junit.jupiter.engine.extension.TimeoutExtension.interceptTestMethod(TimeoutExtension.java:84)
	at org.junit.jupiter.engine.execution.ExecutableInvoker$ReflectiveInterceptorCall.lambda$ofVoidMethod$0(ExecutableInvoker.java:115)
	at org.junit.jupiter.engine.execution.ExecutableInvoker.lambda$invoke$0(ExecutableInvoker.java:105)
	at org.junit.jupiter.engine.execution.InvocationInterceptorChain$InterceptedInvocation.proceed(InvocationInterceptorChain.java:106)
	at org.junit.jupiter.engine.execution.InvocationInterceptorChain.proceed(InvocationInterceptorChain.java:64)
	at org.junit.jupiter.engine.execution.InvocationInterceptorChain.chainAndInvoke(InvocationInterceptorChain.java:45)
	at org.junit.jupiter.engine.execution.InvocationInterceptorChain.invoke(InvocationInterceptorChain.java:37)
	at org.junit.jupiter.engine.execution.ExecutableInvoker.invoke(ExecutableInvoker.java:104)
	at org.junit.jupiter.engine.execution.ExecutableInvoker.invoke(ExecutableInvoker.java:98)
	at org.junit.jupiter.engine.descriptor.TestMethodTestDescriptor.lambda$invokeTestMethod$7(TestMethodTestDescriptor.java:214)
	at org.junit.platform.engine.support.hierarchical.ThrowableCollector.execute(ThrowableCollector.java:73)
	at org.junit.jupiter.engine.descriptor.TestMethodTestDescriptor.invokeTestMethod(TestMethodTestDescriptor.java:210)
	at org.junit.jupiter.engine.descriptor.TestMethodTestDescriptor.execute(TestMethodTestDescriptor.java:135)
	at org.junit.jupiter.engine.descriptor.TestMethodTestDescriptor.execute(TestMethodTestDescriptor.java:66)
	at org.junit.platform.engine.support.hierarchical.NodeTestTask.lambda$executeRecursively$6(NodeTestTask.java:151)
	at org.junit.platform.engine.support.hierarchical.ThrowableCollector.execute(ThrowableCollector.java:73)
	at org.junit.platform.engine.support.hierarchical.NodeTestTask.lambda$executeRecursively$8(NodeTestTask.java:141)
	at org.junit.platform.engine.support.hierarchical.Node.around(Node.java:137)
	at org.junit.platform.engine.support.hierarchical.NodeTestTask.lambda$executeRecursively$9(NodeTestTask.java:139)
	at org.junit.platform.engine.support.hierarchical.ThrowableCollector.execute(ThrowableCollector.java:73)
	at org.junit.platform.engine.support.hierarchical.NodeTestTask.executeRecursively(NodeTestTask.java:138)
	at org.junit.platform.engine.support.hierarchical.NodeTestTask.execute(NodeTestTask.java:95)
	at java.base/java.util.ArrayList.forEach(ArrayList.java:1596)
	at org.junit.platform.engine.support.hierarchical.SameThreadHierarchicalTestExecutorService.invokeAll(SameThreadHierarchicalTestExecutorService.java:41)
	at org.junit.platform.engine.support.hierarchical.NodeTestTask.lambda$executeRecursively$6(NodeTestTask.java:155)
	at org.junit.platform.engine.support.hierarchical.ThrowableCollector.execute(ThrowableCollector.java:73)
	at org.junit.platform.engine.support.hierarchical.NodeTestTask.lambda$executeRecursively$8(NodeTestTask.java:141)
	at org.junit.platform.engine.support.hierarchical.Node.around(Node.java:137)
	at org.junit.platform.engine.support.hierarchical.NodeTestTask.lambda$executeRecursively$9(NodeTestTask.java:139)
	at org.junit.platform.engine.support.hierarchical.ThrowableCollector.execute(ThrowableCollector.java:73)
	at org.junit.platform.engine.support.hierarchical.NodeTestTask.executeRecursively(NodeTestTask.java:138)
	at org.junit.platform.engine.support.hierarchical.NodeTestTask.execute(NodeTestTask.java:95)
	at java.base/java.util.ArrayList.forEach(ArrayList.java:1596)
	at org.junit.platform.engine.support.hierarchical.SameThreadHierarchicalTestExecutorService.invokeAll(SameThreadHierarchicalTestExecutorService.java:41)
	at org.junit.platform.engine.support.hierarchical.NodeTestTask.lambda$executeRecursively$6(NodeTestTask.java:155)
	at org.junit.platform.engine.support.hierarchical.ThrowableCollector.execute(ThrowableCollector.java:73)
	at org.junit.platform.engine.support.hierarchical.NodeTestTask.lambda$executeRecursively$8(NodeTestTask.java:141)
	at org.junit.platform.engine.support.hierarchical.Node.around(Node.java:137)
	at org.junit.platform.engine.support.hierarchical.NodeTestTask.lambda$executeRecursively$9(NodeTestTask.java:139)
	at org.junit.platform.engine.support.hierarchical.ThrowableCollector.execute(ThrowableCollector.java:73)
	at org.junit.platform.engine.support.hierarchical.NodeTestTask.executeRecursively(NodeTestTask.java:138)
	at org.junit.platform.engine.support.hierarchical.NodeTestTask.execute(NodeTestTask.java:95)
	at org.junit.platform.engine.support.hierarchical.SameThreadHierarchicalTestExecutorService.submit(SameThreadHierarchicalTestExecutorService.java:35)
	at org.junit.platform.engine.support.hierarchical.HierarchicalTestExecutor.execute(HierarchicalTestExecutor.java:57)
	at org.junit.platform.engine.support.hierarchical.HierarchicalTestEngine.execute(HierarchicalTestEngine.java:54)
	at org.junit.platform.launcher.core.EngineExecutionOrchestrator.execute(EngineExecutionOrchestrator.java:107)
	at org.junit.platform.launcher.core.EngineExecutionOrchestrator.execute(EngineExecutionOrchestrator.java:88)
	at org.junit.platform.launcher.core.EngineExecutionOrchestrator.lambda$execute$0(EngineExecutionOrchestrator.java:54)
	at org.junit.platform.launcher.core.EngineExecutionOrchestrator.withInterceptedStreams(EngineExecutionOrchestrator.java:67)
	at org.junit.platform.launcher.core.EngineExecutionOrchestrator.execute(EngineExecutionOrchestrator.java:52)
	at org.junit.platform.launcher.core.DefaultLauncher.execute(DefaultLauncher.java:114)
	at org.junit.platform.launcher.core.DefaultLauncher.execute(DefaultLauncher.java:86)
	at org.junit.platform.launcher.core.DefaultLauncherSession$DelegatingLauncher.execute(DefaultLauncherSession.java:86)
	at org.apache.maven.surefire.junitplatform.LazyLauncher.execute(LazyLauncher.java:56)
	at org.apache.maven.surefire.junitplatform.JUnitPlatformProvider.execute(JUnitPlatformProvider.java:184)
	at org.apache.maven.surefire.junitplatform.JUnitPlatformProvider.invokeAllTests(JUnitPlatformProvider.java:148)
	at org.apache.maven.surefire.junitplatform.JUnitPlatformProvider.invoke(JUnitPlatformProvider.java:122)
	at org.apache.maven.surefire.booter.ForkedBooter.runSuitesInProcess(ForkedBooter.java:385)
	at org.apache.maven.surefire.booter.ForkedBooter.execute(ForkedBooter.java:162)
	at org.apache.maven.surefire.booter.ForkedBooter.run(ForkedBooter.java:507)
	at org.apache.maven.surefire.booter.ForkedBooter.main(ForkedBooter.java:495)
</pre></div></td>
<td>-</td></tr></table></section><section><a id="org.openapitools.Rfc3339DateFormatFormatTest"></a>
<h3><a name="Rfc3339DateFormatFormatTest"></a>Rfc3339DateFormatFormatTest</h3>
<table border="0" class="bodyTable">
<tr class="a">
<td align="left"><a href="#org.openapitools.Rfc3339DateFormatFormatTest.testFormatWithValidDate"><img src="images/icon_error_sml.gif" alt="" /></a></td>
<td><a id="TC_org.openapitools.Rfc3339DateFormatFormatTest.testFormatWithValidDate"></a><a href="#org.openapitools.Rfc3339DateFormatFormatTest.testFormatWithValidDate">testFormatWithValidDate</a>
<div class="detailToggle" style="display:inline"><a href="javascript:toggleDisplay('org.openapitools.Rfc3339DateFormatFormatTest.testFormatWithValidDate');"><span style="display:inline;" id="org.openapitools.Rfc3339DateFormatFormatTest.testFormatWithValidDate-off"> + </span><span style="display:none;" id="org.openapitools.Rfc3339DateFormatFormatTest.testFormatWithValidDate-on"> - </span>[ Detail ]</a></div></td>
<td>0.006 s</td></tr>
<tr class="b">
<td align="left">-</td>
<td>expected: &lt;2022-02-01T00:00:00.000Z&gt; but was: &lt;2022-02-01T00:00:00.000+00:00&gt;</td>
<td>-</td></tr>
<tr class="a" id="org.openapitools.Rfc3339DateFormatFormatTest.testFormatWithValidDate-failure" style="display:none;">
<td align="left">-</td>
<td>
<div class="source">
<pre>org.opentest4j.AssertionFailedError: expected: &lt;2022-02-01T00:00:00.000Z&gt; but was: &lt;2022-02-01T00:00:00.000+00:00&gt;
	at org.junit.jupiter.api.AssertionUtils.fail(AssertionUtils.java:55)
	at org.junit.jupiter.api.AssertionUtils.failNotEqual(AssertionUtils.java:62)
	at org.junit.jupiter.api.AssertEquals.assertEquals(AssertEquals.java:182)
	at org.junit.jupiter.api.AssertEquals.assertEquals(AssertEquals.java:177)
	at org.junit.jupiter.api.Assertions.assertEquals(Assertions.java:1141)
	at org.openapitools.Rfc3339DateFormatFormatTest.testFormatWithValidDate(Rfc3339DateFormatFormatTest.java:89)
	at java.base/jdk.internal.reflect.DirectMethodHandleAccessor.invoke(DirectMethodHandleAccessor.java:103)
	at java.base/java.lang.reflect.Method.invoke(Method.java:580)
	at org.junit.platform.commons.util.ReflectionUtils.invokeMethod(ReflectionUtils.java:725)
	at org.junit.jupiter.engine.execution.MethodInvocation.proceed(MethodInvocation.java:60)
	at org.junit.jupiter.engine.execution.InvocationInterceptorChain$ValidatingInvocation.proceed(InvocationInterceptorChain.java:131)
	at org.junit.jupiter.engine.extension.TimeoutExtension.intercept(TimeoutExtension.java:149)
	at org.junit.jupiter.engine.extension.TimeoutExtension.interceptTestableMethod(TimeoutExtension.java:140)
	at org.junit.jupiter.engine.extension.TimeoutExtension.interceptTestMethod(TimeoutExtension.java:84)
	at org.junit.jupiter.engine.execution.ExecutableInvoker$ReflectiveInterceptorCall.lambda$ofVoidMethod$0(ExecutableInvoker.java:115)
	at org.junit.jupiter.engine.execution.ExecutableInvoker.lambda$invoke$0(ExecutableInvoker.java:105)
	at org.junit.jupiter.engine.execution.InvocationInterceptorChain$InterceptedInvocation.proceed(InvocationInterceptorChain.java:106)
	at org.junit.jupiter.engine.execution.InvocationInterceptorChain.proceed(InvocationInterceptorChain.java:64)
	at org.junit.jupiter.engine.execution.InvocationInterceptorChain.chainAndInvoke(InvocationInterceptorChain.java:45)
	at org.junit.jupiter.engine.execution.InvocationInterceptorChain.invoke(InvocationInterceptorChain.java:37)
	at org.junit.jupiter.engine.execution.ExecutableInvoker.invoke(ExecutableInvoker.java:104)
	at org.junit.jupiter.engine.execution.ExecutableInvoker.invoke(ExecutableInvoker.java:98)
	at org.junit.jupiter.engine.descriptor.TestMethodTestDescriptor.lambda$invokeTestMethod$7(TestMethodTestDescriptor.java:214)
	at org.junit.platform.engine.support.hierarchical.ThrowableCollector.execute(ThrowableCollector.java:73)
	at org.junit.jupiter.engine.descriptor.TestMethodTestDescriptor.invokeTestMethod(TestMethodTestDescriptor.java:210)
	at org.junit.jupiter.engine.descriptor.TestMethodTestDescriptor.execute(TestMethodTestDescriptor.java:135)
	at org.junit.jupiter.engine.descriptor.TestMethodTestDescriptor.execute(TestMethodTestDescriptor.java:66)
	at org.junit.platform.engine.support.hierarchical.NodeTestTask.lambda$executeRecursively$6(NodeTestTask.java:151)
	at org.junit.platform.engine.support.hierarchical.ThrowableCollector.execute(ThrowableCollector.java:73)
	at org.junit.platform.engine.support.hierarchical.NodeTestTask.lambda$executeRecursively$8(NodeTestTask.java:141)
	at org.junit.platform.engine.support.hierarchical.Node.around(Node.java:137)
	at org.junit.platform.engine.support.hierarchical.NodeTestTask.lambda$executeRecursively$9(NodeTestTask.java:139)
	at org.junit.platform.engine.support.hierarchical.ThrowableCollector.execute(ThrowableCollector.java:73)
	at org.junit.platform.engine.support.hierarchical.NodeTestTask.executeRecursively(NodeTestTask.java:138)
	at org.junit.platform.engine.support.hierarchical.NodeTestTask.execute(NodeTestTask.java:95)
	at java.base/java.util.ArrayList.forEach(ArrayList.java:1596)
	at org.junit.platform.engine.support.hierarchical.SameThreadHierarchicalTestExecutorService.invokeAll(SameThreadHierarchicalTestExecutorService.java:41)
	at org.junit.platform.engine.support.hierarchical.NodeTestTask.lambda$executeRecursively$6(NodeTestTask.java:155)
	at org.junit.platform.engine.support.hierarchical.ThrowableCollector.execute(ThrowableCollector.java:73)
	at org.junit.platform.engine.support.hierarchical.NodeTestTask.lambda$executeRecursively$8(NodeTestTask.java:141)
	at org.junit.platform.engine.support.hierarchical.Node.around(Node.java:137)
	at org.junit.platform.engine.support.hierarchical.NodeTestTask.lambda$executeRecursively$9(NodeTestTask.java:139)
	at org.junit.platform.engine.support.hierarchical.ThrowableCollector.execute(ThrowableCollector.java:73)
	at org.junit.platform.engine.support.hierarchical.NodeTestTask.executeRecursively(NodeTestTask.java:138)
	at org.junit.platform.engine.support.hierarchical.NodeTestTask.execute(NodeTestTask.java:95)
	at java.base/java.util.ArrayList.forEach(ArrayList.java:1596)
	at org.junit.platform.engine.support.hierarchical.SameThreadHierarchicalTestExecutorService.invokeAll(SameThreadHierarchicalTestExecutorService.java:41)
	at org.junit.platform.engine.support.hierarchical.NodeTestTask.lambda$executeRecursively$6(NodeTestTask.java:155)
	at org.junit.platform.engine.support.hierarchical.ThrowableCollector.execute(ThrowableCollector.java:73)
	at org.junit.platform.engine.support.hierarchical.NodeTestTask.lambda$executeRecursively$8(NodeTestTask.java:141)
	at org.junit.platform.engine.support.hierarchical.Node.around(Node.java:137)
	at org.junit.platform.engine.support.hierarchical.NodeTestTask.lambda$executeRecursively$9(NodeTestTask.java:139)
	at org.junit.platform.engine.support.hierarchical.ThrowableCollector.execute(ThrowableCollector.java:73)
	at org.junit.platform.engine.support.hierarchical.NodeTestTask.executeRecursively(NodeTestTask.java:138)
	at org.junit.platform.engine.support.hierarchical.NodeTestTask.execute(NodeTestTask.java:95)
	at org.junit.platform.engine.support.hierarchical.SameThreadHierarchicalTestExecutorService.submit(SameThreadHierarchicalTestExecutorService.java:35)
	at org.junit.platform.engine.support.hierarchical.HierarchicalTestExecutor.execute(HierarchicalTestExecutor.java:57)
	at org.junit.platform.engine.support.hierarchical.HierarchicalTestEngine.execute(HierarchicalTestEngine.java:54)
	at org.junit.platform.launcher.core.EngineExecutionOrchestrator.execute(EngineExecutionOrchestrator.java:107)
	at org.junit.platform.launcher.core.EngineExecutionOrchestrator.execute(EngineExecutionOrchestrator.java:88)
	at org.junit.platform.launcher.core.EngineExecutionOrchestrator.lambda$execute$0(EngineExecutionOrchestrator.java:54)
	at org.junit.platform.launcher.core.EngineExecutionOrchestrator.withInterceptedStreams(EngineExecutionOrchestrator.java:67)
	at org.junit.platform.launcher.core.EngineExecutionOrchestrator.execute(EngineExecutionOrchestrator.java:52)
	at org.junit.platform.launcher.core.DefaultLauncher.execute(DefaultLauncher.java:114)
	at org.junit.platform.launcher.core.DefaultLauncher.execute(DefaultLauncher.java:86)
	at org.junit.platform.launcher.core.DefaultLauncherSession$DelegatingLauncher.execute(DefaultLauncherSession.java:86)
	at org.apache.maven.surefire.junitplatform.LazyLauncher.execute(LazyLauncher.java:56)
	at org.apache.maven.surefire.junitplatform.JUnitPlatformProvider.execute(JUnitPlatformProvider.java:184)
	at org.apache.maven.surefire.junitplatform.JUnitPlatformProvider.invokeAllTests(JUnitPlatformProvider.java:148)
	at org.apache.maven.surefire.junitplatform.JUnitPlatformProvider.invoke(JUnitPlatformProvider.java:122)
	at org.apache.maven.surefire.booter.ForkedBooter.runSuitesInProcess(ForkedBooter.java:385)
	at org.apache.maven.surefire.booter.ForkedBooter.execute(ForkedBooter.java:162)
	at org.apache.maven.surefire.booter.ForkedBooter.run(ForkedBooter.java:507)
	at org.apache.maven.surefire.booter.ForkedBooter.main(ForkedBooter.java:495)
</pre></div></td>
<td>-</td></tr>
<tr class="b">
<td align="left"><img src="images/icon_success_sml.gif" alt="" /></td>
<td><a id="TC_org.openapitools.Rfc3339DateFormatFormatTest.testFormatWithNullBufferAndFieldPosition"></a>testFormatWithNullBufferAndFieldPosition</td>
<td>0.002 s</td></tr>
<tr class="a">
<td align="left"><img src="images/icon_success_sml.gif" alt="" /></td>
<td><a id="TC_org.openapitools.Rfc3339DateFormatFormatTest.testFormatWithNullDate"></a>testFormatWithNullDate</td>
<td>0.006 s</td></tr></table></section><section><a id="org.openapitools.model.CollectionAgencyInvolvementRequestCardLast4Test"></a>
<h3><a name="CollectionAgencyInvolvementRequestCardLast4Test"></a>CollectionAgencyInvolvementRequestCardLast4Test</h3>
<table border="0" class="bodyTable">
<tr class="a">
<td align="left"><a href="#org.openapitools.model.CollectionAgencyInvolvementRequestCardLast4Test.testCardLast4WithInvalidLengthInput"><img src="images/icon_error_sml.gif" alt="" /></a></td>
<td><a id="TC_org.openapitools.model.CollectionAgencyInvolvementRequestCardLast4Test.testCardLast4WithInvalidLengthInput"></a><a href="#org.openapitools.model.CollectionAgencyInvolvementRequestCardLast4Test.testCardLast4WithInvalidLengthInput">testCardLast4WithInvalidLengthInput</a>
<div class="detailToggle" style="display:inline"><a href="javascript:toggleDisplay('org.openapitools.model.CollectionAgencyInvolvementRequestCardLast4Test.testCardLast4WithInvalidLengthInput');"><span style="display:inline;" id="org.openapitools.model.CollectionAgencyInvolvementRequestCardLast4Test.testCardLast4WithInvalidLengthInput-off"> + </span><span style="display:none;" id="org.openapitools.model.CollectionAgencyInvolvementRequestCardLast4Test.testCardLast4WithInvalidLengthInput-on"> - </span>[ Detail ]</a></div></td>
<td>0.002 s</td></tr>
<tr class="b">
<td align="left">-</td>
<td>Expected java.lang.IllegalArgumentException to be thrown, but nothing was thrown.</td>
<td>-</td></tr>
<tr class="a" id="org.openapitools.model.CollectionAgencyInvolvementRequestCardLast4Test.testCardLast4WithInvalidLengthInput-failure" style="display:none;">
<td align="left">-</td>
<td>
<div class="source">
<pre>org.opentest4j.AssertionFailedError: Expected java.lang.IllegalArgumentException to be thrown, but nothing was thrown.
	at org.junit.jupiter.api.AssertThrows.assertThrows(AssertThrows.java:71)
	at org.junit.jupiter.api.AssertThrows.assertThrows(AssertThrows.java:37)
	at org.junit.jupiter.api.Assertions.assertThrows(Assertions.java:3082)
	at org.openapitools.model.CollectionAgencyInvolvementRequestCardLast4Test.testCardLast4WithInvalidLengthInput(CollectionAgencyInvolvementRequestCardLast4Test.java:115)
	at java.base/jdk.internal.reflect.DirectMethodHandleAccessor.invoke(DirectMethodHandleAccessor.java:103)
	at java.base/java.lang.reflect.Method.invoke(Method.java:580)
	at org.junit.platform.commons.util.ReflectionUtils.invokeMethod(ReflectionUtils.java:725)
	at org.junit.jupiter.engine.execution.MethodInvocation.proceed(MethodInvocation.java:60)
	at org.junit.jupiter.engine.execution.InvocationInterceptorChain$ValidatingInvocation.proceed(InvocationInterceptorChain.java:131)
	at org.junit.jupiter.engine.extension.TimeoutExtension.intercept(TimeoutExtension.java:149)
	at org.junit.jupiter.engine.extension.TimeoutExtension.interceptTestableMethod(TimeoutExtension.java:140)
	at org.junit.jupiter.engine.extension.TimeoutExtension.interceptTestMethod(TimeoutExtension.java:84)
	at org.junit.jupiter.engine.execution.ExecutableInvoker$ReflectiveInterceptorCall.lambda$ofVoidMethod$0(ExecutableInvoker.java:115)
	at org.junit.jupiter.engine.execution.ExecutableInvoker.lambda$invoke$0(ExecutableInvoker.java:105)
	at org.junit.jupiter.engine.execution.InvocationInterceptorChain$InterceptedInvocation.proceed(InvocationInterceptorChain.java:106)
	at org.junit.jupiter.engine.execution.InvocationInterceptorChain.proceed(InvocationInterceptorChain.java:64)
	at org.junit.jupiter.engine.execution.InvocationInterceptorChain.chainAndInvoke(InvocationInterceptorChain.java:45)
	at org.junit.jupiter.engine.execution.InvocationInterceptorChain.invoke(InvocationInterceptorChain.java:37)
	at org.junit.jupiter.engine.execution.ExecutableInvoker.invoke(ExecutableInvoker.java:104)
	at org.junit.jupiter.engine.execution.ExecutableInvoker.invoke(ExecutableInvoker.java:98)
	at org.junit.jupiter.engine.descriptor.TestMethodTestDescriptor.lambda$invokeTestMethod$7(TestMethodTestDescriptor.java:214)
	at org.junit.platform.engine.support.hierarchical.ThrowableCollector.execute(ThrowableCollector.java:73)
	at org.junit.jupiter.engine.descriptor.TestMethodTestDescriptor.invokeTestMethod(TestMethodTestDescriptor.java:210)
	at org.junit.jupiter.engine.descriptor.TestMethodTestDescriptor.execute(TestMethodTestDescriptor.java:135)
	at org.junit.jupiter.engine.descriptor.TestMethodTestDescriptor.execute(TestMethodTestDescriptor.java:66)
	at org.junit.platform.engine.support.hierarchical.NodeTestTask.lambda$executeRecursively$6(NodeTestTask.java:151)
	at org.junit.platform.engine.support.hierarchical.ThrowableCollector.execute(ThrowableCollector.java:73)
	at org.junit.platform.engine.support.hierarchical.NodeTestTask.lambda$executeRecursively$8(NodeTestTask.java:141)
	at org.junit.platform.engine.support.hierarchical.Node.around(Node.java:137)
	at org.junit.platform.engine.support.hierarchical.NodeTestTask.lambda$executeRecursively$9(NodeTestTask.java:139)
	at org.junit.platform.engine.support.hierarchical.ThrowableCollector.execute(ThrowableCollector.java:73)
	at org.junit.platform.engine.support.hierarchical.NodeTestTask.executeRecursively(NodeTestTask.java:138)
	at org.junit.platform.engine.support.hierarchical.NodeTestTask.execute(NodeTestTask.java:95)
	at java.base/java.util.ArrayList.forEach(ArrayList.java:1596)
	at org.junit.platform.engine.support.hierarchical.SameThreadHierarchicalTestExecutorService.invokeAll(SameThreadHierarchicalTestExecutorService.java:41)
	at org.junit.platform.engine.support.hierarchical.NodeTestTask.lambda$executeRecursively$6(NodeTestTask.java:155)
	at org.junit.platform.engine.support.hierarchical.ThrowableCollector.execute(ThrowableCollector.java:73)
	at org.junit.platform.engine.support.hierarchical.NodeTestTask.lambda$executeRecursively$8(NodeTestTask.java:141)
	at org.junit.platform.engine.support.hierarchical.Node.around(Node.java:137)
	at org.junit.platform.engine.support.hierarchical.NodeTestTask.lambda$executeRecursively$9(NodeTestTask.java:139)
	at org.junit.platform.engine.support.hierarchical.ThrowableCollector.execute(ThrowableCollector.java:73)
	at org.junit.platform.engine.support.hierarchical.NodeTestTask.executeRecursively(NodeTestTask.java:138)
	at org.junit.platform.engine.support.hierarchical.NodeTestTask.execute(NodeTestTask.java:95)
	at java.base/java.util.ArrayList.forEach(ArrayList.java:1596)
	at org.junit.platform.engine.support.hierarchical.SameThreadHierarchicalTestExecutorService.invokeAll(SameThreadHierarchicalTestExecutorService.java:41)
	at org.junit.platform.engine.support.hierarchical.NodeTestTask.lambda$executeRecursively$6(NodeTestTask.java:155)
	at org.junit.platform.engine.support.hierarchical.ThrowableCollector.execute(ThrowableCollector.java:73)
	at org.junit.platform.engine.support.hierarchical.NodeTestTask.lambda$executeRecursively$8(NodeTestTask.java:141)
	at org.junit.platform.engine.support.hierarchical.Node.around(Node.java:137)
	at org.junit.platform.engine.support.hierarchical.NodeTestTask.lambda$executeRecursively$9(NodeTestTask.java:139)
	at org.junit.platform.engine.support.hierarchical.ThrowableCollector.execute(ThrowableCollector.java:73)
	at org.junit.platform.engine.support.hierarchical.NodeTestTask.executeRecursively(NodeTestTask.java:138)
	at org.junit.platform.engine.support.hierarchical.NodeTestTask.execute(NodeTestTask.java:95)
	at org.junit.platform.engine.support.hierarchical.SameThreadHierarchicalTestExecutorService.submit(SameThreadHierarchicalTestExecutorService.java:35)
	at org.junit.platform.engine.support.hierarchical.HierarchicalTestExecutor.execute(HierarchicalTestExecutor.java:57)
	at org.junit.platform.engine.support.hierarchical.HierarchicalTestEngine.execute(HierarchicalTestEngine.java:54)
	at org.junit.platform.launcher.core.EngineExecutionOrchestrator.execute(EngineExecutionOrchestrator.java:107)
	at org.junit.platform.launcher.core.EngineExecutionOrchestrator.execute(EngineExecutionOrchestrator.java:88)
	at org.junit.platform.launcher.core.EngineExecutionOrchestrator.lambda$execute$0(EngineExecutionOrchestrator.java:54)
	at org.junit.platform.launcher.core.EngineExecutionOrchestrator.withInterceptedStreams(EngineExecutionOrchestrator.java:67)
	at org.junit.platform.launcher.core.EngineExecutionOrchestrator.execute(EngineExecutionOrchestrator.java:52)
	at org.junit.platform.launcher.core.DefaultLauncher.execute(DefaultLauncher.java:114)
	at org.junit.platform.launcher.core.DefaultLauncher.execute(DefaultLauncher.java:86)
	at org.junit.platform.launcher.core.DefaultLauncherSession$DelegatingLauncher.execute(DefaultLauncherSession.java:86)
	at org.apache.maven.surefire.junitplatform.LazyLauncher.execute(LazyLauncher.java:56)
	at org.apache.maven.surefire.junitplatform.JUnitPlatformProvider.execute(JUnitPlatformProvider.java:184)
	at org.apache.maven.surefire.junitplatform.JUnitPlatformProvider.invokeAllTests(JUnitPlatformProvider.java:148)
	at org.apache.maven.surefire.junitplatform.JUnitPlatformProvider.invoke(JUnitPlatformProvider.java:122)
	at org.apache.maven.surefire.booter.ForkedBooter.runSuitesInProcess(ForkedBooter.java:385)
	at org.apache.maven.surefire.booter.ForkedBooter.execute(ForkedBooter.java:162)
	at org.apache.maven.surefire.booter.ForkedBooter.run(ForkedBooter.java:507)
	at org.apache.maven.surefire.booter.ForkedBooter.main(ForkedBooter.java:495)
</pre></div></td>
<td>-</td></tr>
<tr class="b">
<td align="left"><img src="images/icon_success_sml.gif" alt="" /></td>
<td><a id="TC_org.openapitools.model.CollectionAgencyInvolvementRequestCardLast4Test.testCardLast4WithNullInput"></a>testCardLast4WithNullInput</td>
<td>0.001 s</td></tr>
<tr class="a">
<td align="left"><img src="images/icon_success_sml.gif" alt="" /></td>
<td><a id="TC_org.openapitools.model.CollectionAgencyInvolvementRequestCardLast4Test.testCardLast4WithValidInput"></a>testCardLast4WithValidInput</td>
<td>0.001 s</td></tr></table></section><section><a id="org.openapitools.model.CollectionAgencyInvolvementRequestGetCardLast4Test"></a>
<h3><a name="CollectionAgencyInvolvementRequestGetCardLast4Test"></a>CollectionAgencyInvolvementRequestGetCardLast4Test</h3>
<table border="0" class="bodyTable">
<tr class="a">
<td align="left"><img src="images/icon_success_sml.gif" alt="" /></td>
<td><a id="TC_org.openapitools.model.CollectionAgencyInvolvementRequestGetCardLast4Test.verifyCardLast4DigitsSize"></a>verifyCardLast4DigitsSize</td>
<td>0.004 s</td></tr>
<tr class="b">
<td align="left"><img src="images/icon_success_sml.gif" alt="" /></td>
<td><a id="TC_org.openapitools.model.CollectionAgencyInvolvementRequestGetCardLast4Test.handleNullCardLast4Digits"></a>handleNullCardLast4Digits</td>
<td>0.002 s</td></tr>
<tr class="a">
<td align="left"><img src="images/icon_success_sml.gif" alt="" /></td>
<td><a id="TC_org.openapitools.model.CollectionAgencyInvolvementRequestGetCardLast4Test.verifyCardLast4Digits"></a>verifyCardLast4Digits</td>
<td>0.002 s</td></tr></table></section><section><a id="org.openapitools.Rfc3339DateFormatParseTest"></a>
<h3><a name="Rfc3339DateFormatParseTest"></a>Rfc3339DateFormatParseTest</h3>
<table border="0" class="bodyTable">
<tr class="a">
<td align="left"><a href="#org.openapitools.Rfc3339DateFormatParseTest.testParseEmptyDateString"><img src="images/icon_error_sml.gif" alt="" /></a></td>
<td><a id="TC_org.openapitools.Rfc3339DateFormatParseTest.testParseEmptyDateString"></a><a href="#org.openapitools.Rfc3339DateFormatParseTest.testParseEmptyDateString">testParseEmptyDateString</a>
<div class="detailToggle" style="display:inline"><a href="javascript:toggleDisplay('org.openapitools.Rfc3339DateFormatParseTest.testParseEmptyDateString');"><span style="display:inline;" id="org.openapitools.Rfc3339DateFormatParseTest.testParseEmptyDateString-off"> + </span><span style="display:none;" id="org.openapitools.Rfc3339DateFormatParseTest.testParseEmptyDateString-on"> - </span>[ Detail ]</a></div></td>
<td>0.001 s</td></tr>
<tr class="b">
<td align="left">-</td>
<td>Index 0 out of bounds for length 0</td>
<td>-</td></tr>
<tr class="a" id="org.openapitools.Rfc3339DateFormatParseTest.testParseEmptyDateString-error" style="display:none;">
<td align="left">-</td>
<td>
<div class="source">
<pre>java.lang.StringIndexOutOfBoundsException: Index 0 out of bounds for length 0
	at java.base/jdk.internal.util.Preconditions$1.apply(Preconditions.java:55)
	at java.base/jdk.internal.util.Preconditions$1.apply(Preconditions.java:52)
	at java.base/jdk.internal.util.Preconditions$4.apply(Preconditions.java:213)
	at java.base/jdk.internal.util.Preconditions$4.apply(Preconditions.java:210)
	at java.base/jdk.internal.util.Preconditions.outOfBounds(Preconditions.java:98)
	at java.base/jdk.internal.util.Preconditions.outOfBoundsCheckIndex(Preconditions.java:106)
	at java.base/jdk.internal.util.Preconditions.checkIndex(Preconditions.java:302)
	at java.base/java.lang.String.checkIndex(String.java:4832)
	at java.base/java.lang.StringLatin1.charAt(StringLatin1.java:46)
	at java.base/java.lang.String.charAt(String.java:1555)
	at com.fasterxml.jackson.databind.util.StdDateFormat._parseDate(StdDateFormat.java:426)
	at com.fasterxml.jackson.databind.util.StdDateFormat.parse(StdDateFormat.java:401)
	at org.openapitools.RFC3339DateFormat.parse(RFC3339DateFormat.java:26)
	at org.openapitools.Rfc3339DateFormatParseTest.testParseEmptyDateString(Rfc3339DateFormatParseTest.java:127)
	at java.base/jdk.internal.reflect.DirectMethodHandleAccessor.invoke(DirectMethodHandleAccessor.java:103)
	at java.base/java.lang.reflect.Method.invoke(Method.java:580)
	at org.junit.platform.commons.util.ReflectionUtils.invokeMethod(ReflectionUtils.java:725)
	at org.junit.jupiter.engine.execution.MethodInvocation.proceed(MethodInvocation.java:60)
	at org.junit.jupiter.engine.execution.InvocationInterceptorChain$ValidatingInvocation.proceed(InvocationInterceptorChain.java:131)
	at org.junit.jupiter.engine.extension.TimeoutExtension.intercept(TimeoutExtension.java:149)
	at org.junit.jupiter.engine.extension.TimeoutExtension.interceptTestableMethod(TimeoutExtension.java:140)
	at org.junit.jupiter.engine.extension.TimeoutExtension.interceptTestMethod(TimeoutExtension.java:84)
	at org.junit.jupiter.engine.execution.ExecutableInvoker$ReflectiveInterceptorCall.lambda$ofVoidMethod$0(ExecutableInvoker.java:115)
	at org.junit.jupiter.engine.execution.ExecutableInvoker.lambda$invoke$0(ExecutableInvoker.java:105)
	at org.junit.jupiter.engine.execution.InvocationInterceptorChain$InterceptedInvocation.proceed(InvocationInterceptorChain.java:106)
	at org.junit.jupiter.engine.execution.InvocationInterceptorChain.proceed(InvocationInterceptorChain.java:64)
	at org.junit.jupiter.engine.execution.InvocationInterceptorChain.chainAndInvoke(InvocationInterceptorChain.java:45)
	at org.junit.jupiter.engine.execution.InvocationInterceptorChain.invoke(InvocationInterceptorChain.java:37)
	at org.junit.jupiter.engine.execution.ExecutableInvoker.invoke(ExecutableInvoker.java:104)
	at org.junit.jupiter.engine.execution.ExecutableInvoker.invoke(ExecutableInvoker.java:98)
	at org.junit.jupiter.engine.descriptor.TestMethodTestDescriptor.lambda$invokeTestMethod$7(TestMethodTestDescriptor.java:214)
	at org.junit.platform.engine.support.hierarchical.ThrowableCollector.execute(ThrowableCollector.java:73)
	at org.junit.jupiter.engine.descriptor.TestMethodTestDescriptor.invokeTestMethod(TestMethodTestDescriptor.java:210)
	at org.junit.jupiter.engine.descriptor.TestMethodTestDescriptor.execute(TestMethodTestDescriptor.java:135)
	at org.junit.jupiter.engine.descriptor.TestMethodTestDescriptor.execute(TestMethodTestDescriptor.java:66)
	at org.junit.platform.engine.support.hierarchical.NodeTestTask.lambda$executeRecursively$6(NodeTestTask.java:151)
	at org.junit.platform.engine.support.hierarchical.ThrowableCollector.execute(ThrowableCollector.java:73)
	at org.junit.platform.engine.support.hierarchical.NodeTestTask.lambda$executeRecursively$8(NodeTestTask.java:141)
	at org.junit.platform.engine.support.hierarchical.Node.around(Node.java:137)
	at org.junit.platform.engine.support.hierarchical.NodeTestTask.lambda$executeRecursively$9(NodeTestTask.java:139)
	at org.junit.platform.engine.support.hierarchical.ThrowableCollector.execute(ThrowableCollector.java:73)
	at org.junit.platform.engine.support.hierarchical.NodeTestTask.executeRecursively(NodeTestTask.java:138)
	at org.junit.platform.engine.support.hierarchical.NodeTestTask.execute(NodeTestTask.java:95)
	at java.base/java.util.ArrayList.forEach(ArrayList.java:1596)
	at org.junit.platform.engine.support.hierarchical.SameThreadHierarchicalTestExecutorService.invokeAll(SameThreadHierarchicalTestExecutorService.java:41)
	at org.junit.platform.engine.support.hierarchical.NodeTestTask.lambda$executeRecursively$6(NodeTestTask.java:155)
	at org.junit.platform.engine.support.hierarchical.ThrowableCollector.execute(ThrowableCollector.java:73)
	at org.junit.platform.engine.support.hierarchical.NodeTestTask.lambda$executeRecursively$8(NodeTestTask.java:141)
	at org.junit.platform.engine.support.hierarchical.Node.around(Node.java:137)
	at org.junit.platform.engine.support.hierarchical.NodeTestTask.lambda$executeRecursively$9(NodeTestTask.java:139)
	at org.junit.platform.engine.support.hierarchical.ThrowableCollector.execute(ThrowableCollector.java:73)
	at org.junit.platform.engine.support.hierarchical.NodeTestTask.executeRecursively(NodeTestTask.java:138)
	at org.junit.platform.engine.support.hierarchical.NodeTestTask.execute(NodeTestTask.java:95)
	at java.base/java.util.ArrayList.forEach(ArrayList.java:1596)
	at org.junit.platform.engine.support.hierarchical.SameThreadHierarchicalTestExecutorService.invokeAll(SameThreadHierarchicalTestExecutorService.java:41)
	at org.junit.platform.engine.support.hierarchical.NodeTestTask.lambda$executeRecursively$6(NodeTestTask.java:155)
	at org.junit.platform.engine.support.hierarchical.ThrowableCollector.execute(ThrowableCollector.java:73)
	at org.junit.platform.engine.support.hierarchical.NodeTestTask.lambda$executeRecursively$8(NodeTestTask.java:141)
	at org.junit.platform.engine.support.hierarchical.Node.around(Node.java:137)
	at org.junit.platform.engine.support.hierarchical.NodeTestTask.lambda$executeRecursively$9(NodeTestTask.java:139)
	at org.junit.platform.engine.support.hierarchical.ThrowableCollector.execute(ThrowableCollector.java:73)
	at org.junit.platform.engine.support.hierarchical.NodeTestTask.executeRecursively(NodeTestTask.java:138)
	at org.junit.platform.engine.support.hierarchical.NodeTestTask.execute(NodeTestTask.java:95)
	at org.junit.platform.engine.support.hierarchical.SameThreadHierarchicalTestExecutorService.submit(SameThreadHierarchicalTestExecutorService.java:35)
	at org.junit.platform.engine.support.hierarchical.HierarchicalTestExecutor.execute(HierarchicalTestExecutor.java:57)
	at org.junit.platform.engine.support.hierarchical.HierarchicalTestEngine.execute(HierarchicalTestEngine.java:54)
	at org.junit.platform.launcher.core.EngineExecutionOrchestrator.execute(EngineExecutionOrchestrator.java:107)
	at org.junit.platform.launcher.core.EngineExecutionOrchestrator.execute(EngineExecutionOrchestrator.java:88)
	at org.junit.platform.launcher.core.EngineExecutionOrchestrator.lambda$execute$0(EngineExecutionOrchestrator.java:54)
	at org.junit.platform.launcher.core.EngineExecutionOrchestrator.withInterceptedStreams(EngineExecutionOrchestrator.java:67)
	at org.junit.platform.launcher.core.EngineExecutionOrchestrator.execute(EngineExecutionOrchestrator.java:52)
	at org.junit.platform.launcher.core.DefaultLauncher.execute(DefaultLauncher.java:114)
	at org.junit.platform.launcher.core.DefaultLauncher.execute(DefaultLauncher.java:86)
	at org.junit.platform.launcher.core.DefaultLauncherSession$DelegatingLauncher.execute(DefaultLauncherSession.java:86)
	at org.apache.maven.surefire.junitplatform.LazyLauncher.execute(LazyLauncher.java:56)
	at org.apache.maven.surefire.junitplatform.JUnitPlatformProvider.execute(JUnitPlatformProvider.java:184)
	at org.apache.maven.surefire.junitplatform.JUnitPlatformProvider.invokeAllTests(JUnitPlatformProvider.java:148)
	at org.apache.maven.surefire.junitplatform.JUnitPlatformProvider.invoke(JUnitPlatformProvider.java:122)
	at org.apache.maven.surefire.booter.ForkedBooter.runSuitesInProcess(ForkedBooter.java:385)
	at org.apache.maven.surefire.booter.ForkedBooter.execute(ForkedBooter.java:162)
	at org.apache.maven.surefire.booter.ForkedBooter.run(ForkedBooter.java:507)
	at org.apache.maven.surefire.booter.ForkedBooter.main(ForkedBooter.java:495)
</pre></div></td>
<td>-</td></tr>
<tr class="b">
<td align="left"><a href="#org.openapitools.Rfc3339DateFormatParseTest.testParseValidDateString"><img src="images/icon_error_sml.gif" alt="" /></a></td>
<td><a id="TC_org.openapitools.Rfc3339DateFormatParseTest.testParseValidDateString"></a><a href="#org.openapitools.Rfc3339DateFormatParseTest.testParseValidDateString">testParseValidDateString</a>
<div class="detailToggle" style="display:inline"><a href="javascript:toggleDisplay('org.openapitools.Rfc3339DateFormatParseTest.testParseValidDateString');"><span style="display:inline;" id="org.openapitools.Rfc3339DateFormatParseTest.testParseValidDateString-off"> + </span><span style="display:none;" id="org.openapitools.Rfc3339DateFormatParseTest.testParseValidDateString-on"> - </span>[ Detail ]</a></div></td>
<td>0.025 s</td></tr>
<tr class="a">
<td align="left">-</td>
<td>expected: &lt;Thu May 05 20:00:00 UTC 2022&gt; but was: &lt;Thu May 05 20:00:00 GMT 2022&gt;</td>
<td>-</td></tr>
<tr class="b" id="org.openapitools.Rfc3339DateFormatParseTest.testParseValidDateString-failure" style="display:none;">
<td align="left">-</td>
<td>
<div class="source">
<pre>org.opentest4j.AssertionFailedError: expected: &lt;Thu May 05 20:00:00 UTC 2022&gt; but was: &lt;Thu May 05 20:00:00 GMT 2022&gt;
	at org.junit.jupiter.api.AssertionUtils.fail(AssertionUtils.java:55)
	at org.junit.jupiter.api.AssertionUtils.failNotEqual(AssertionUtils.java:62)
	at org.junit.jupiter.api.AssertEquals.assertEquals(AssertEquals.java:182)
	at org.junit.jupiter.api.AssertEquals.assertEquals(AssertEquals.java:177)
	at org.junit.jupiter.api.Assertions.assertEquals(Assertions.java:1141)
	at org.openapitools.Rfc3339DateFormatParseTest.testParseValidDateString(Rfc3339DateFormatParseTest.java:98)
	at java.base/jdk.internal.reflect.DirectMethodHandleAccessor.invoke(DirectMethodHandleAccessor.java:103)
	at java.base/java.lang.reflect.Method.invoke(Method.java:580)
	at org.junit.platform.commons.util.ReflectionUtils.invokeMethod(ReflectionUtils.java:725)
	at org.junit.jupiter.engine.execution.MethodInvocation.proceed(MethodInvocation.java:60)
	at org.junit.jupiter.engine.execution.InvocationInterceptorChain$ValidatingInvocation.proceed(InvocationInterceptorChain.java:131)
	at org.junit.jupiter.engine.extension.TimeoutExtension.intercept(TimeoutExtension.java:149)
	at org.junit.jupiter.engine.extension.TimeoutExtension.interceptTestableMethod(TimeoutExtension.java:140)
	at org.junit.jupiter.engine.extension.TimeoutExtension.interceptTestMethod(TimeoutExtension.java:84)
	at org.junit.jupiter.engine.execution.ExecutableInvoker$ReflectiveInterceptorCall.lambda$ofVoidMethod$0(ExecutableInvoker.java:115)
	at org.junit.jupiter.engine.execution.ExecutableInvoker.lambda$invoke$0(ExecutableInvoker.java:105)
	at org.junit.jupiter.engine.execution.InvocationInterceptorChain$InterceptedInvocation.proceed(InvocationInterceptorChain.java:106)
	at org.junit.jupiter.engine.execution.InvocationInterceptorChain.proceed(InvocationInterceptorChain.java:64)
	at org.junit.jupiter.engine.execution.InvocationInterceptorChain.chainAndInvoke(InvocationInterceptorChain.java:45)
	at org.junit.jupiter.engine.execution.InvocationInterceptorChain.invoke(InvocationInterceptorChain.java:37)
	at org.junit.jupiter.engine.execution.ExecutableInvoker.invoke(ExecutableInvoker.java:104)
	at org.junit.jupiter.engine.execution.ExecutableInvoker.invoke(ExecutableInvoker.java:98)
	at org.junit.jupiter.engine.descriptor.TestMethodTestDescriptor.lambda$invokeTestMethod$7(TestMethodTestDescriptor.java:214)
	at org.junit.platform.engine.support.hierarchical.ThrowableCollector.execute(ThrowableCollector.java:73)
	at org.junit.jupiter.engine.descriptor.TestMethodTestDescriptor.invokeTestMethod(TestMethodTestDescriptor.java:210)
	at org.junit.jupiter.engine.descriptor.TestMethodTestDescriptor.execute(TestMethodTestDescriptor.java:135)
	at org.junit.jupiter.engine.descriptor.TestMethodTestDescriptor.execute(TestMethodTestDescriptor.java:66)
	at org.junit.platform.engine.support.hierarchical.NodeTestTask.lambda$executeRecursively$6(NodeTestTask.java:151)
	at org.junit.platform.engine.support.hierarchical.ThrowableCollector.execute(ThrowableCollector.java:73)
	at org.junit.platform.engine.support.hierarchical.NodeTestTask.lambda$executeRecursively$8(NodeTestTask.java:141)
	at org.junit.platform.engine.support.hierarchical.Node.around(Node.java:137)
	at org.junit.platform.engine.support.hierarchical.NodeTestTask.lambda$executeRecursively$9(NodeTestTask.java:139)
	at org.junit.platform.engine.support.hierarchical.ThrowableCollector.execute(ThrowableCollector.java:73)
	at org.junit.platform.engine.support.hierarchical.NodeTestTask.executeRecursively(NodeTestTask.java:138)
	at org.junit.platform.engine.support.hierarchical.NodeTestTask.execute(NodeTestTask.java:95)
	at java.base/java.util.ArrayList.forEach(ArrayList.java:1596)
	at org.junit.platform.engine.support.hierarchical.SameThreadHierarchicalTestExecutorService.invokeAll(SameThreadHierarchicalTestExecutorService.java:41)
	at org.junit.platform.engine.support.hierarchical.NodeTestTask.lambda$executeRecursively$6(NodeTestTask.java:155)
	at org.junit.platform.engine.support.hierarchical.ThrowableCollector.execute(ThrowableCollector.java:73)
	at org.junit.platform.engine.support.hierarchical.NodeTestTask.lambda$executeRecursively$8(NodeTestTask.java:141)
	at org.junit.platform.engine.support.hierarchical.Node.around(Node.java:137)
	at org.junit.platform.engine.support.hierarchical.NodeTestTask.lambda$executeRecursively$9(NodeTestTask.java:139)
	at org.junit.platform.engine.support.hierarchical.ThrowableCollector.execute(ThrowableCollector.java:73)
	at org.junit.platform.engine.support.hierarchical.NodeTestTask.executeRecursively(NodeTestTask.java:138)
	at org.junit.platform.engine.support.hierarchical.NodeTestTask.execute(NodeTestTask.java:95)
	at java.base/java.util.ArrayList.forEach(ArrayList.java:1596)
	at org.junit.platform.engine.support.hierarchical.SameThreadHierarchicalTestExecutorService.invokeAll(SameThreadHierarchicalTestExecutorService.java:41)
	at org.junit.platform.engine.support.hierarchical.NodeTestTask.lambda$executeRecursively$6(NodeTestTask.java:155)
	at org.junit.platform.engine.support.hierarchical.ThrowableCollector.execute(ThrowableCollector.java:73)
	at org.junit.platform.engine.support.hierarchical.NodeTestTask.lambda$executeRecursively$8(NodeTestTask.java:141)
	at org.junit.platform.engine.support.hierarchical.Node.around(Node.java:137)
	at org.junit.platform.engine.support.hierarchical.NodeTestTask.lambda$executeRecursively$9(NodeTestTask.java:139)
	at org.junit.platform.engine.support.hierarchical.ThrowableCollector.execute(ThrowableCollector.java:73)
	at org.junit.platform.engine.support.hierarchical.NodeTestTask.executeRecursively(NodeTestTask.java:138)
	at org.junit.platform.engine.support.hierarchical.NodeTestTask.execute(NodeTestTask.java:95)
	at org.junit.platform.engine.support.hierarchical.SameThreadHierarchicalTestExecutorService.submit(SameThreadHierarchicalTestExecutorService.java:35)
	at org.junit.platform.engine.support.hierarchical.HierarchicalTestExecutor.execute(HierarchicalTestExecutor.java:57)
	at org.junit.platform.engine.support.hierarchical.HierarchicalTestEngine.execute(HierarchicalTestEngine.java:54)
	at org.junit.platform.launcher.core.EngineExecutionOrchestrator.execute(EngineExecutionOrchestrator.java:107)
	at org.junit.platform.launcher.core.EngineExecutionOrchestrator.execute(EngineExecutionOrchestrator.java:88)
	at org.junit.platform.launcher.core.EngineExecutionOrchestrator.lambda$execute$0(EngineExecutionOrchestrator.java:54)
	at org.junit.platform.launcher.core.EngineExecutionOrchestrator.withInterceptedStreams(EngineExecutionOrchestrator.java:67)
	at org.junit.platform.launcher.core.EngineExecutionOrchestrator.execute(EngineExecutionOrchestrator.java:52)
	at org.junit.platform.launcher.core.DefaultLauncher.execute(DefaultLauncher.java:114)
	at org.junit.platform.launcher.core.DefaultLauncher.execute(DefaultLauncher.java:86)
	at org.junit.platform.launcher.core.DefaultLauncherSession$DelegatingLauncher.execute(DefaultLauncherSession.java:86)
	at org.apache.maven.surefire.junitplatform.LazyLauncher.execute(LazyLauncher.java:56)
	at org.apache.maven.surefire.junitplatform.JUnitPlatformProvider.execute(JUnitPlatformProvider.java:184)
	at org.apache.maven.surefire.junitplatform.JUnitPlatformProvider.invokeAllTests(JUnitPlatformProvider.java:148)
	at org.apache.maven.surefire.junitplatform.JUnitPlatformProvider.invoke(JUnitPlatformProvider.java:122)
	at org.apache.maven.surefire.booter.ForkedBooter.runSuitesInProcess(ForkedBooter.java:385)
	at org.apache.maven.surefire.booter.ForkedBooter.execute(ForkedBooter.java:162)
	at org.apache.maven.surefire.booter.ForkedBooter.run(ForkedBooter.java:507)
	at org.apache.maven.surefire.booter.ForkedBooter.main(ForkedBooter.java:495)
</pre></div></td>
<td>-</td></tr>
<tr class="a">
<td align="left"><img src="images/icon_success_sml.gif" alt="" /></td>
<td><a id="TC_org.openapitools.Rfc3339DateFormatParseTest.testParseInvalidDateString"></a>testParseInvalidDateString</td>
<td>0.002 s</td></tr>
<tr class="b">
<td align="left"><a href="#org.openapitools.Rfc3339DateFormatParseTest.testParseNullDateString"><img src="images/icon_error_sml.gif" alt="" /></a></td>
<td><a id="TC_org.openapitools.Rfc3339DateFormatParseTest.testParseNullDateString"></a><a href="#org.openapitools.Rfc3339DateFormatParseTest.testParseNullDateString">testParseNullDateString</a>
<div class="detailToggle" style="display:inline"><a href="javascript:toggleDisplay('org.openapitools.Rfc3339DateFormatParseTest.testParseNullDateString');"><span style="display:inline;" id="org.openapitools.Rfc3339DateFormatParseTest.testParseNullDateString-off"> + </span><span style="display:none;" id="org.openapitools.Rfc3339DateFormatParseTest.testParseNullDateString-on"> - </span>[ Detail ]</a></div></td>
<td>0.002 s</td></tr>
<tr class="a">
<td align="left">-</td>
<td>Cannot invoke &quot;String.length()&quot; because &quot;dateStr&quot; is null</td>
<td>-</td></tr>
<tr class="b" id="org.openapitools.Rfc3339DateFormatParseTest.testParseNullDateString-error" style="display:none;">
<td align="left">-</td>
<td>
<div class="source">
<pre>java.lang.NullPointerException: Cannot invoke &quot;String.length()&quot; because &quot;dateStr&quot; is null
	at com.fasterxml.jackson.databind.util.StdDateFormat.looksLikeISO8601(StdDateFormat.java:610)
	at com.fasterxml.jackson.databind.util.StdDateFormat._parseDate(StdDateFormat.java:410)
	at com.fasterxml.jackson.databind.util.StdDateFormat.parse(StdDateFormat.java:401)
	at org.openapitools.RFC3339DateFormat.parse(RFC3339DateFormat.java:26)
	at org.openapitools.Rfc3339DateFormatParseTest.testParseNullDateString(Rfc3339DateFormatParseTest.java:117)
	at java.base/jdk.internal.reflect.DirectMethodHandleAccessor.invoke(DirectMethodHandleAccessor.java:103)
	at java.base/java.lang.reflect.Method.invoke(Method.java:580)
	at org.junit.platform.commons.util.ReflectionUtils.invokeMethod(ReflectionUtils.java:725)
	at org.junit.jupiter.engine.execution.MethodInvocation.proceed(MethodInvocation.java:60)
	at org.junit.jupiter.engine.execution.InvocationInterceptorChain$ValidatingInvocation.proceed(InvocationInterceptorChain.java:131)
	at org.junit.jupiter.engine.extension.TimeoutExtension.intercept(TimeoutExtension.java:149)
	at org.junit.jupiter.engine.extension.TimeoutExtension.interceptTestableMethod(TimeoutExtension.java:140)
	at org.junit.jupiter.engine.extension.TimeoutExtension.interceptTestMethod(TimeoutExtension.java:84)
	at org.junit.jupiter.engine.execution.ExecutableInvoker$ReflectiveInterceptorCall.lambda$ofVoidMethod$0(ExecutableInvoker.java:115)
	at org.junit.jupiter.engine.execution.ExecutableInvoker.lambda$invoke$0(ExecutableInvoker.java:105)
	at org.junit.jupiter.engine.execution.InvocationInterceptorChain$InterceptedInvocation.proceed(InvocationInterceptorChain.java:106)
	at org.junit.jupiter.engine.execution.InvocationInterceptorChain.proceed(InvocationInterceptorChain.java:64)
	at org.junit.jupiter.engine.execution.InvocationInterceptorChain.chainAndInvoke(InvocationInterceptorChain.java:45)
	at org.junit.jupiter.engine.execution.InvocationInterceptorChain.invoke(InvocationInterceptorChain.java:37)
	at org.junit.jupiter.engine.execution.ExecutableInvoker.invoke(ExecutableInvoker.java:104)
	at org.junit.jupiter.engine.execution.ExecutableInvoker.invoke(ExecutableInvoker.java:98)
	at org.junit.jupiter.engine.descriptor.TestMethodTestDescriptor.lambda$invokeTestMethod$7(TestMethodTestDescriptor.java:214)
	at org.junit.platform.engine.support.hierarchical.ThrowableCollector.execute(ThrowableCollector.java:73)
	at org.junit.jupiter.engine.descriptor.TestMethodTestDescriptor.invokeTestMethod(TestMethodTestDescriptor.java:210)
	at org.junit.jupiter.engine.descriptor.TestMethodTestDescriptor.execute(TestMethodTestDescriptor.java:135)
	at org.junit.jupiter.engine.descriptor.TestMethodTestDescriptor.execute(TestMethodTestDescriptor.java:66)
	at org.junit.platform.engine.support.hierarchical.NodeTestTask.lambda$executeRecursively$6(NodeTestTask.java:151)
	at org.junit.platform.engine.support.hierarchical.ThrowableCollector.execute(ThrowableCollector.java:73)
	at org.junit.platform.engine.support.hierarchical.NodeTestTask.lambda$executeRecursively$8(NodeTestTask.java:141)
	at org.junit.platform.engine.support.hierarchical.Node.around(Node.java:137)
	at org.junit.platform.engine.support.hierarchical.NodeTestTask.lambda$executeRecursively$9(NodeTestTask.java:139)
	at org.junit.platform.engine.support.hierarchical.ThrowableCollector.execute(ThrowableCollector.java:73)
	at org.junit.platform.engine.support.hierarchical.NodeTestTask.executeRecursively(NodeTestTask.java:138)
	at org.junit.platform.engine.support.hierarchical.NodeTestTask.execute(NodeTestTask.java:95)
	at java.base/java.util.ArrayList.forEach(ArrayList.java:1596)
	at org.junit.platform.engine.support.hierarchical.SameThreadHierarchicalTestExecutorService.invokeAll(SameThreadHierarchicalTestExecutorService.java:41)
	at org.junit.platform.engine.support.hierarchical.NodeTestTask.lambda$executeRecursively$6(NodeTestTask.java:155)
	at org.junit.platform.engine.support.hierarchical.ThrowableCollector.execute(ThrowableCollector.java:73)
	at org.junit.platform.engine.support.hierarchical.NodeTestTask.lambda$executeRecursively$8(NodeTestTask.java:141)
	at org.junit.platform.engine.support.hierarchical.Node.around(Node.java:137)
	at org.junit.platform.engine.support.hierarchical.NodeTestTask.lambda$executeRecursively$9(NodeTestTask.java:139)
	at org.junit.platform.engine.support.hierarchical.ThrowableCollector.execute(ThrowableCollector.java:73)
	at org.junit.platform.engine.support.hierarchical.NodeTestTask.executeRecursively(NodeTestTask.java:138)
	at org.junit.platform.engine.support.hierarchical.NodeTestTask.execute(NodeTestTask.java:95)
	at java.base/java.util.ArrayList.forEach(ArrayList.java:1596)
	at org.junit.platform.engine.support.hierarchical.SameThreadHierarchicalTestExecutorService.invokeAll(SameThreadHierarchicalTestExecutorService.java:41)
	at org.junit.platform.engine.support.hierarchical.NodeTestTask.lambda$executeRecursively$6(NodeTestTask.java:155)
	at org.junit.platform.engine.support.hierarchical.ThrowableCollector.execute(ThrowableCollector.java:73)
	at org.junit.platform.engine.support.hierarchical.NodeTestTask.lambda$executeRecursively$8(NodeTestTask.java:141)
	at org.junit.platform.engine.support.hierarchical.Node.around(Node.java:137)
	at org.junit.platform.engine.support.hierarchical.NodeTestTask.lambda$executeRecursively$9(NodeTestTask.java:139)
	at org.junit.platform.engine.support.hierarchical.ThrowableCollector.execute(ThrowableCollector.java:73)
	at org.junit.platform.engine.support.hierarchical.NodeTestTask.executeRecursively(NodeTestTask.java:138)
	at org.junit.platform.engine.support.hierarchical.NodeTestTask.execute(NodeTestTask.java:95)
	at org.junit.platform.engine.support.hierarchical.SameThreadHierarchicalTestExecutorService.submit(SameThreadHierarchicalTestExecutorService.java:35)
	at org.junit.platform.engine.support.hierarchical.HierarchicalTestExecutor.execute(HierarchicalTestExecutor.java:57)
	at org.junit.platform.engine.support.hierarchical.HierarchicalTestEngine.execute(HierarchicalTestEngine.java:54)
	at org.junit.platform.launcher.core.EngineExecutionOrchestrator.execute(EngineExecutionOrchestrator.java:107)
	at org.junit.platform.launcher.core.EngineExecutionOrchestrator.execute(EngineExecutionOrchestrator.java:88)
	at org.junit.platform.launcher.core.EngineExecutionOrchestrator.lambda$execute$0(EngineExecutionOrchestrator.java:54)
	at org.junit.platform.launcher.core.EngineExecutionOrchestrator.withInterceptedStreams(EngineExecutionOrchestrator.java:67)
	at org.junit.platform.launcher.core.EngineExecutionOrchestrator.execute(EngineExecutionOrchestrator.java:52)
	at org.junit.platform.launcher.core.DefaultLauncher.execute(DefaultLauncher.java:114)
	at org.junit.platform.launcher.core.DefaultLauncher.execute(DefaultLauncher.java:86)
	at org.junit.platform.launcher.core.DefaultLauncherSession$DelegatingLauncher.execute(DefaultLauncherSession.java:86)
	at org.apache.maven.surefire.junitplatform.LazyLauncher.execute(LazyLauncher.java:56)
	at org.apache.maven.surefire.junitplatform.JUnitPlatformProvider.execute(JUnitPlatformProvider.java:184)
	at org.apache.maven.surefire.junitplatform.JUnitPlatformProvider.invokeAllTests(JUnitPlatformProvider.java:148)
	at org.apache.maven.surefire.junitplatform.JUnitPlatformProvider.invoke(JUnitPlatformProvider.java:122)
	at org.apache.maven.surefire.booter.ForkedBooter.runSuitesInProcess(ForkedBooter.java:385)
	at org.apache.maven.surefire.booter.ForkedBooter.execute(ForkedBooter.java:162)
	at org.apache.maven.surefire.booter.ForkedBooter.run(ForkedBooter.java:507)
	at org.apache.maven.surefire.booter.ForkedBooter.main(ForkedBooter.java:495)
</pre></div></td>
<td>-</td></tr></table></section><section><a id="org.openapitools.model.BalanceAlertRequestCardLast4Test"></a>
<h3><a name="BalanceAlertRequestCardLast4Test"></a>BalanceAlertRequestCardLast4Test</h3>
<table border="0" class="bodyTable">
<tr class="a">
<td align="left"><img src="images/icon_success_sml.gif" alt="" /></td>
<td><a id="TC_org.openapitools.model.BalanceAlertRequestCardLast4Test.testNullCardLast4Input"></a>testNullCardLast4Input</td>
<td>0.001 s</td></tr>
<tr class="b">
<td align="left"><img src="images/icon_success_sml.gif" alt="" /></td>
<td><a id="TC_org.openapitools.model.BalanceAlertRequestCardLast4Test.testValidCardLast4Input"></a>testValidCardLast4Input</td>
<td>0.001 s</td></tr>
<tr class="a">
<td align="left"><a href="#org.openapitools.model.BalanceAlertRequestCardLast4Test.testInvalidCardLast4Input"><img src="images/icon_error_sml.gif" alt="" /></a></td>
<td><a id="TC_org.openapitools.model.BalanceAlertRequestCardLast4Test.testInvalidCardLast4Input"></a><a href="#org.openapitools.model.BalanceAlertRequestCardLast4Test.testInvalidCardLast4Input">testInvalidCardLast4Input</a>
<div class="detailToggle" style="display:inline"><a href="javascript:toggleDisplay('org.openapitools.model.BalanceAlertRequestCardLast4Test.testInvalidCardLast4Input');"><span style="display:inline;" id="org.openapitools.model.BalanceAlertRequestCardLast4Test.testInvalidCardLast4Input-off"> + </span><span style="display:none;" id="org.openapitools.model.BalanceAlertRequestCardLast4Test.testInvalidCardLast4Input-on"> - </span>[ Detail ]</a></div></td>
<td>0.011 s</td></tr>
<tr class="b">
<td align="left">-</td>
<td>Card last 4 digits should not match with the invalid input ==&gt; expected: not equal but was: &lt;12345&gt;</td>
<td>-</td></tr>
<tr class="a" id="org.openapitools.model.BalanceAlertRequestCardLast4Test.testInvalidCardLast4Input-failure" style="display:none;">
<td align="left">-</td>
<td>
<div class="source">
<pre>org.opentest4j.AssertionFailedError: Card last 4 digits should not match with the invalid input ==&gt; expected: not equal but was: &lt;12345&gt;
	at org.junit.jupiter.api.AssertionUtils.fail(AssertionUtils.java:39)
	at org.junit.jupiter.api.AssertNotEquals.failEqual(AssertNotEquals.java:276)
	at org.junit.jupiter.api.AssertNotEquals.assertNotEquals(AssertNotEquals.java:265)
	at org.junit.jupiter.api.Assertions.assertNotEquals(Assertions.java:2828)
	at org.openapitools.model.BalanceAlertRequestCardLast4Test.testInvalidCardLast4Input(BalanceAlertRequestCardLast4Test.java:101)
	at java.base/jdk.internal.reflect.DirectMethodHandleAccessor.invoke(DirectMethodHandleAccessor.java:103)
	at java.base/java.lang.reflect.Method.invoke(Method.java:580)
	at org.junit.platform.commons.util.ReflectionUtils.invokeMethod(ReflectionUtils.java:725)
	at org.junit.jupiter.engine.execution.MethodInvocation.proceed(MethodInvocation.java:60)
	at org.junit.jupiter.engine.execution.InvocationInterceptorChain$ValidatingInvocation.proceed(InvocationInterceptorChain.java:131)
	at org.junit.jupiter.engine.extension.TimeoutExtension.intercept(TimeoutExtension.java:149)
	at org.junit.jupiter.engine.extension.TimeoutExtension.interceptTestableMethod(TimeoutExtension.java:140)
	at org.junit.jupiter.engine.extension.TimeoutExtension.interceptTestMethod(TimeoutExtension.java:84)
	at org.junit.jupiter.engine.execution.ExecutableInvoker$ReflectiveInterceptorCall.lambda$ofVoidMethod$0(ExecutableInvoker.java:115)
	at org.junit.jupiter.engine.execution.ExecutableInvoker.lambda$invoke$0(ExecutableInvoker.java:105)
	at org.junit.jupiter.engine.execution.InvocationInterceptorChain$InterceptedInvocation.proceed(InvocationInterceptorChain.java:106)
	at org.junit.jupiter.engine.execution.InvocationInterceptorChain.proceed(InvocationInterceptorChain.java:64)
	at org.junit.jupiter.engine.execution.InvocationInterceptorChain.chainAndInvoke(InvocationInterceptorChain.java:45)
	at org.junit.jupiter.engine.execution.InvocationInterceptorChain.invoke(InvocationInterceptorChain.java:37)
	at org.junit.jupiter.engine.execution.ExecutableInvoker.invoke(ExecutableInvoker.java:104)
	at org.junit.jupiter.engine.execution.ExecutableInvoker.invoke(ExecutableInvoker.java:98)
	at org.junit.jupiter.engine.descriptor.TestMethodTestDescriptor.lambda$invokeTestMethod$7(TestMethodTestDescriptor.java:214)
	at org.junit.platform.engine.support.hierarchical.ThrowableCollector.execute(ThrowableCollector.java:73)
	at org.junit.jupiter.engine.descriptor.TestMethodTestDescriptor.invokeTestMethod(TestMethodTestDescriptor.java:210)
	at org.junit.jupiter.engine.descriptor.TestMethodTestDescriptor.execute(TestMethodTestDescriptor.java:135)
	at org.junit.jupiter.engine.descriptor.TestMethodTestDescriptor.execute(TestMethodTestDescriptor.java:66)
	at org.junit.platform.engine.support.hierarchical.NodeTestTask.lambda$executeRecursively$6(NodeTestTask.java:151)
	at org.junit.platform.engine.support.hierarchical.ThrowableCollector.execute(ThrowableCollector.java:73)
	at org.junit.platform.engine.support.hierarchical.NodeTestTask.lambda$executeRecursively$8(NodeTestTask.java:141)
	at org.junit.platform.engine.support.hierarchical.Node.around(Node.java:137)
	at org.junit.platform.engine.support.hierarchical.NodeTestTask.lambda$executeRecursively$9(NodeTestTask.java:139)
	at org.junit.platform.engine.support.hierarchical.ThrowableCollector.execute(ThrowableCollector.java:73)
	at org.junit.platform.engine.support.hierarchical.NodeTestTask.executeRecursively(NodeTestTask.java:138)
	at org.junit.platform.engine.support.hierarchical.NodeTestTask.execute(NodeTestTask.java:95)
	at java.base/java.util.ArrayList.forEach(ArrayList.java:1596)
	at org.junit.platform.engine.support.hierarchical.SameThreadHierarchicalTestExecutorService.invokeAll(SameThreadHierarchicalTestExecutorService.java:41)
	at org.junit.platform.engine.support.hierarchical.NodeTestTask.lambda$executeRecursively$6(NodeTestTask.java:155)
	at org.junit.platform.engine.support.hierarchical.ThrowableCollector.execute(ThrowableCollector.java:73)
	at org.junit.platform.engine.support.hierarchical.NodeTestTask.lambda$executeRecursively$8(NodeTestTask.java:141)
	at org.junit.platform.engine.support.hierarchical.Node.around(Node.java:137)
	at org.junit.platform.engine.support.hierarchical.NodeTestTask.lambda$executeRecursively$9(NodeTestTask.java:139)
	at org.junit.platform.engine.support.hierarchical.ThrowableCollector.execute(ThrowableCollector.java:73)
	at org.junit.platform.engine.support.hierarchical.NodeTestTask.executeRecursively(NodeTestTask.java:138)
	at org.junit.platform.engine.support.hierarchical.NodeTestTask.execute(NodeTestTask.java:95)
	at java.base/java.util.ArrayList.forEach(ArrayList.java:1596)
	at org.junit.platform.engine.support.hierarchical.SameThreadHierarchicalTestExecutorService.invokeAll(SameThreadHierarchicalTestExecutorService.java:41)
	at org.junit.platform.engine.support.hierarchical.NodeTestTask.lambda$executeRecursively$6(NodeTestTask.java:155)
	at org.junit.platform.engine.support.hierarchical.ThrowableCollector.execute(ThrowableCollector.java:73)
	at org.junit.platform.engine.support.hierarchical.NodeTestTask.lambda$executeRecursively$8(NodeTestTask.java:141)
	at org.junit.platform.engine.support.hierarchical.Node.around(Node.java:137)
	at org.junit.platform.engine.support.hierarchical.NodeTestTask.lambda$executeRecursively$9(NodeTestTask.java:139)
	at org.junit.platform.engine.support.hierarchical.ThrowableCollector.execute(ThrowableCollector.java:73)
	at org.junit.platform.engine.support.hierarchical.NodeTestTask.executeRecursively(NodeTestTask.java:138)
	at org.junit.platform.engine.support.hierarchical.NodeTestTask.execute(NodeTestTask.java:95)
	at org.junit.platform.engine.support.hierarchical.SameThreadHierarchicalTestExecutorService.submit(SameThreadHierarchicalTestExecutorService.java:35)
	at org.junit.platform.engine.support.hierarchical.HierarchicalTestExecutor.execute(HierarchicalTestExecutor.java:57)
	at org.junit.platform.engine.support.hierarchical.HierarchicalTestEngine.execute(HierarchicalTestEngine.java:54)
	at org.junit.platform.launcher.core.EngineExecutionOrchestrator.execute(EngineExecutionOrchestrator.java:107)
	at org.junit.platform.launcher.core.EngineExecutionOrchestrator.execute(EngineExecutionOrchestrator.java:88)
	at org.junit.platform.launcher.core.EngineExecutionOrchestrator.lambda$execute$0(EngineExecutionOrchestrator.java:54)
	at org.junit.platform.launcher.core.EngineExecutionOrchestrator.withInterceptedStreams(EngineExecutionOrchestrator.java:67)
	at org.junit.platform.launcher.core.EngineExecutionOrchestrator.execute(EngineExecutionOrchestrator.java:52)
	at org.junit.platform.launcher.core.DefaultLauncher.execute(DefaultLauncher.java:114)
	at org.junit.platform.launcher.core.DefaultLauncher.execute(DefaultLauncher.java:86)
	at org.junit.platform.launcher.core.DefaultLauncherSession$DelegatingLauncher.execute(DefaultLauncherSession.java:86)
	at org.apache.maven.surefire.junitplatform.LazyLauncher.execute(LazyLauncher.java:56)
	at org.apache.maven.surefire.junitplatform.JUnitPlatformProvider.execute(JUnitPlatformProvider.java:184)
	at org.apache.maven.surefire.junitplatform.JUnitPlatformProvider.invokeAllTests(JUnitPlatformProvider.java:148)
	at org.apache.maven.surefire.junitplatform.JUnitPlatformProvider.invoke(JUnitPlatformProvider.java:122)
	at org.apache.maven.surefire.booter.ForkedBooter.runSuitesInProcess(ForkedBooter.java:385)
	at org.apache.maven.surefire.booter.ForkedBooter.execute(ForkedBooter.java:162)
	at org.apache.maven.surefire.booter.ForkedBooter.run(ForkedBooter.java:507)
	at org.apache.maven.surefire.booter.ForkedBooter.main(ForkedBooter.java:495)
</pre></div></td>
<td>-</td></tr></table></section><section><a id="org.openapitools.model.CollectionAgencyInvolvementRequestEqualsTest"></a>
<h3><a name="CollectionAgencyInvolvementRequestEqualsTest"></a>CollectionAgencyInvolvementRequestEqualsTest</h3>
<table border="0" class="bodyTable">
<tr class="a">
<td align="left"><img src="images/icon_success_sml.gif" alt="" /></td>
<td><a id="TC_org.openapitools.model.CollectionAgencyInvolvementRequestEqualsTest.testEqualsMethodWithDifferentClassObject"></a>testEqualsMethodWithDifferentClassObject</td>
<td>0.001 s</td></tr>
<tr class="b">
<td align="left"><img src="images/icon_success_sml.gif" alt="" /></td>
<td><a id="TC_org.openapitools.model.CollectionAgencyInvolvementRequestEqualsTest.testEqualsMethodWithSameDataDifferentInstances"></a>testEqualsMethodWithSameDataDifferentInstances</td>
<td>0.001 s</td></tr>
<tr class="a">
<td align="left"><img src="images/icon_success_sml.gif" alt="" /></td>
<td><a id="TC_org.openapitools.model.CollectionAgencyInvolvementRequestEqualsTest.testEqualsMethodWithSameInstance"></a>testEqualsMethodWithSameInstance</td>
<td>0.002 s</td></tr>
<tr class="b">
<td align="left"><img src="images/icon_success_sml.gif" alt="" /></td>
<td><a id="TC_org.openapitools.model.CollectionAgencyInvolvementRequestEqualsTest.testEqualsMethodWithDifferentDataDifferentInstances"></a>testEqualsMethodWithDifferentDataDifferentInstances</td>
<td>0.003 s</td></tr>
<tr class="a">
<td align="left"><img src="images/icon_success_sml.gif" alt="" /></td>
<td><a id="TC_org.openapitools.model.CollectionAgencyInvolvementRequestEqualsTest.testEqualsMethodWithNull"></a>testEqualsMethodWithNull</td>
<td>0.002 s</td></tr></table></section><section><a id="org.openapitools.model.CollectionAgencyInvolvementRequestResponseStatusTest"></a>
<h3><a name="CollectionAgencyInvolvementRequestResponseStatusTest"></a>CollectionAgencyInvolvementRequestResponseStatusTest</h3>
<table border="0" class="bodyTable">
<tr class="a">
<td align="left"><img src="images/icon_success_sml.gif" alt="" /></td>
<td><a id="TC_org.openapitools.model.CollectionAgencyInvolvementRequestResponseStatusTest.testResponseStatusWithValidInput"></a>testResponseStatusWithValidInput</td>
<td>0.001 s</td></tr>
<tr class="b">
<td align="left"><img src="images/icon_success_sml.gif" alt="" /></td>
<td><a id="TC_org.openapitools.model.CollectionAgencyInvolvementRequestResponseStatusTest.testResponseStatusWithMultipleCalls"></a>testResponseStatusWithMultipleCalls</td>
<td>0.001 s</td></tr>
<tr class="a">
<td align="left"><img src="images/icon_success_sml.gif" alt="" /></td>
<td><a id="TC_org.openapitools.model.CollectionAgencyInvolvementRequestResponseStatusTest.testResponseStatusWithNullInput"></a>testResponseStatusWithNullInput</td>
<td>0.003 s</td></tr></table></section><section><a id="org.openapitools.configuration.HomeControllerIndexTest"></a>
<h3><a name="HomeControllerIndexTest"></a>HomeControllerIndexTest</h3>
<table border="0" class="bodyTable">
<tr class="a">
<td align="left"><img src="images/icon_success_sml.gif" alt="" /></td>
<td><a id="TC_org.openapitools.configuration.HomeControllerIndexTest.verifyIndexRedirection"></a>verifyIndexRedirection</td>
<td>0.054 s</td></tr>
<tr class="b">
<td align="left"><img src="images/icon_success_sml.gif" alt="" /></td>
<td><a id="TC_org.openapitools.configuration.HomeControllerIndexTest.handleExceptionDuringIndexRedirection"></a>handleExceptionDuringIndexRedirection</td>
<td>0.004 s</td></tr></table></section><section><a id="org.openapitools.model.BalanceAlertRequestGetPaymentDueDateTest"></a>
<h3><a name="BalanceAlertRequestGetPaymentDueDateTest"></a>BalanceAlertRequestGetPaymentDueDateTest</h3>
<table border="0" class="bodyTable">
<tr class="a">
<td align="left"><img src="images/icon_success_sml.gif" alt="" /></td>
<td><a id="TC_org.openapitools.model.BalanceAlertRequestGetPaymentDueDateTest.testGetPaymentDueDateReturnsCorrectDate"></a>testGetPaymentDueDateReturnsCorrectDate</td>
<td>0 s</td></tr>
<tr class="b">
<td align="left"><a href="#org.openapitools.model.BalanceAlertRequestGetPaymentDueDateTest.testGetPaymentDueDateReturnsNewObjectEachTime"><img src="images/icon_error_sml.gif" alt="" /></a></td>
<td><a id="TC_org.openapitools.model.BalanceAlertRequestGetPaymentDueDateTest.testGetPaymentDueDateReturnsNewObjectEachTime"></a><a href="#org.openapitools.model.BalanceAlertRequestGetPaymentDueDateTest.testGetPaymentDueDateReturnsNewObjectEachTime">testGetPaymentDueDateReturnsNewObjectEachTime</a>
<div class="detailToggle" style="display:inline"><a href="javascript:toggleDisplay('org.openapitools.model.BalanceAlertRequestGetPaymentDueDateTest.testGetPaymentDueDateReturnsNewObjectEachTime');"><span style="display:inline;" id="org.openapitools.model.BalanceAlertRequestGetPaymentDueDateTest.testGetPaymentDueDateReturnsNewObjectEachTime-off"> + </span><span style="display:none;" id="org.openapitools.model.BalanceAlertRequestGetPaymentDueDateTest.testGetPaymentDueDateReturnsNewObjectEachTime-on"> - </span>[ Detail ]</a></div></td>
<td>0.002 s</td></tr>
<tr class="a">
<td align="left">-</td>
<td>expected: not same but was: &lt;2022-12-31&gt;</td>
<td>-</td></tr>
<tr class="b" id="org.openapitools.model.BalanceAlertRequestGetPaymentDueDateTest.testGetPaymentDueDateReturnsNewObjectEachTime-failure" style="display:none;">
<td align="left">-</td>
<td>
<div class="source">
<pre>org.opentest4j.AssertionFailedError: expected: not same but was: &lt;2022-12-31&gt;
	at org.junit.jupiter.api.AssertionUtils.fail(AssertionUtils.java:39)
	at org.junit.jupiter.api.AssertNotSame.failSame(AssertNotSame.java:48)
	at org.junit.jupiter.api.AssertNotSame.assertNotSame(AssertNotSame.java:37)
	at org.junit.jupiter.api.AssertNotSame.assertNotSame(AssertNotSame.java:32)
	at org.junit.jupiter.api.Assertions.assertNotSame(Assertions.java:2876)
	at org.openapitools.model.BalanceAlertRequestGetPaymentDueDateTest.testGetPaymentDueDateReturnsNewObjectEachTime(BalanceAlertRequestGetPaymentDueDateTest.java:151)
	at java.base/jdk.internal.reflect.DirectMethodHandleAccessor.invoke(DirectMethodHandleAccessor.java:103)
	at java.base/java.lang.reflect.Method.invoke(Method.java:580)
	at org.junit.platform.commons.util.ReflectionUtils.invokeMethod(ReflectionUtils.java:725)
	at org.junit.jupiter.engine.execution.MethodInvocation.proceed(MethodInvocation.java:60)
	at org.junit.jupiter.engine.execution.InvocationInterceptorChain$ValidatingInvocation.proceed(InvocationInterceptorChain.java:131)
	at org.junit.jupiter.engine.extension.TimeoutExtension.intercept(TimeoutExtension.java:149)
	at org.junit.jupiter.engine.extension.TimeoutExtension.interceptTestableMethod(TimeoutExtension.java:140)
	at org.junit.jupiter.engine.extension.TimeoutExtension.interceptTestMethod(TimeoutExtension.java:84)
	at org.junit.jupiter.engine.execution.ExecutableInvoker$ReflectiveInterceptorCall.lambda$ofVoidMethod$0(ExecutableInvoker.java:115)
	at org.junit.jupiter.engine.execution.ExecutableInvoker.lambda$invoke$0(ExecutableInvoker.java:105)
	at org.junit.jupiter.engine.execution.InvocationInterceptorChain$InterceptedInvocation.proceed(InvocationInterceptorChain.java:106)
	at org.junit.jupiter.engine.execution.InvocationInterceptorChain.proceed(InvocationInterceptorChain.java:64)
	at org.junit.jupiter.engine.execution.InvocationInterceptorChain.chainAndInvoke(InvocationInterceptorChain.java:45)
	at org.junit.jupiter.engine.execution.InvocationInterceptorChain.invoke(InvocationInterceptorChain.java:37)
	at org.junit.jupiter.engine.execution.ExecutableInvoker.invoke(ExecutableInvoker.java:104)
	at org.junit.jupiter.engine.execution.ExecutableInvoker.invoke(ExecutableInvoker.java:98)
	at org.junit.jupiter.engine.descriptor.TestMethodTestDescriptor.lambda$invokeTestMethod$7(TestMethodTestDescriptor.java:214)
	at org.junit.platform.engine.support.hierarchical.ThrowableCollector.execute(ThrowableCollector.java:73)
	at org.junit.jupiter.engine.descriptor.TestMethodTestDescriptor.invokeTestMethod(TestMethodTestDescriptor.java:210)
	at org.junit.jupiter.engine.descriptor.TestMethodTestDescriptor.execute(TestMethodTestDescriptor.java:135)
	at org.junit.jupiter.engine.descriptor.TestMethodTestDescriptor.execute(TestMethodTestDescriptor.java:66)
	at org.junit.platform.engine.support.hierarchical.NodeTestTask.lambda$executeRecursively$6(NodeTestTask.java:151)
	at org.junit.platform.engine.support.hierarchical.ThrowableCollector.execute(ThrowableCollector.java:73)
	at org.junit.platform.engine.support.hierarchical.NodeTestTask.lambda$executeRecursively$8(NodeTestTask.java:141)
	at org.junit.platform.engine.support.hierarchical.Node.around(Node.java:137)
	at org.junit.platform.engine.support.hierarchical.NodeTestTask.lambda$executeRecursively$9(NodeTestTask.java:139)
	at org.junit.platform.engine.support.hierarchical.ThrowableCollector.execute(ThrowableCollector.java:73)
	at org.junit.platform.engine.support.hierarchical.NodeTestTask.executeRecursively(NodeTestTask.java:138)
	at org.junit.platform.engine.support.hierarchical.NodeTestTask.execute(NodeTestTask.java:95)
	at java.base/java.util.ArrayList.forEach(ArrayList.java:1596)
	at org.junit.platform.engine.support.hierarchical.SameThreadHierarchicalTestExecutorService.invokeAll(SameThreadHierarchicalTestExecutorService.java:41)
	at org.junit.platform.engine.support.hierarchical.NodeTestTask.lambda$executeRecursively$6(NodeTestTask.java:155)
	at org.junit.platform.engine.support.hierarchical.ThrowableCollector.execute(ThrowableCollector.java:73)
	at org.junit.platform.engine.support.hierarchical.NodeTestTask.lambda$executeRecursively$8(NodeTestTask.java:141)
	at org.junit.platform.engine.support.hierarchical.Node.around(Node.java:137)
	at org.junit.platform.engine.support.hierarchical.NodeTestTask.lambda$executeRecursively$9(NodeTestTask.java:139)
	at org.junit.platform.engine.support.hierarchical.ThrowableCollector.execute(ThrowableCollector.java:73)
	at org.junit.platform.engine.support.hierarchical.NodeTestTask.executeRecursively(NodeTestTask.java:138)
	at org.junit.platform.engine.support.hierarchical.NodeTestTask.execute(NodeTestTask.java:95)
	at java.base/java.util.ArrayList.forEach(ArrayList.java:1596)
	at org.junit.platform.engine.support.hierarchical.SameThreadHierarchicalTestExecutorService.invokeAll(SameThreadHierarchicalTestExecutorService.java:41)
	at org.junit.platform.engine.support.hierarchical.NodeTestTask.lambda$executeRecursively$6(NodeTestTask.java:155)
	at org.junit.platform.engine.support.hierarchical.ThrowableCollector.execute(ThrowableCollector.java:73)
	at org.junit.platform.engine.support.hierarchical.NodeTestTask.lambda$executeRecursively$8(NodeTestTask.java:141)
	at org.junit.platform.engine.support.hierarchical.Node.around(Node.java:137)
	at org.junit.platform.engine.support.hierarchical.NodeTestTask.lambda$executeRecursively$9(NodeTestTask.java:139)
	at org.junit.platform.engine.support.hierarchical.ThrowableCollector.execute(ThrowableCollector.java:73)
	at org.junit.platform.engine.support.hierarchical.NodeTestTask.executeRecursively(NodeTestTask.java:138)
	at org.junit.platform.engine.support.hierarchical.NodeTestTask.execute(NodeTestTask.java:95)
	at org.junit.platform.engine.support.hierarchical.SameThreadHierarchicalTestExecutorService.submit(SameThreadHierarchicalTestExecutorService.java:35)
	at org.junit.platform.engine.support.hierarchical.HierarchicalTestExecutor.execute(HierarchicalTestExecutor.java:57)
	at org.junit.platform.engine.support.hierarchical.HierarchicalTestEngine.execute(HierarchicalTestEngine.java:54)
	at org.junit.platform.launcher.core.EngineExecutionOrchestrator.execute(EngineExecutionOrchestrator.java:107)
	at org.junit.platform.launcher.core.EngineExecutionOrchestrator.execute(EngineExecutionOrchestrator.java:88)
	at org.junit.platform.launcher.core.EngineExecutionOrchestrator.lambda$execute$0(EngineExecutionOrchestrator.java:54)
	at org.junit.platform.launcher.core.EngineExecutionOrchestrator.withInterceptedStreams(EngineExecutionOrchestrator.java:67)
	at org.junit.platform.launcher.core.EngineExecutionOrchestrator.execute(EngineExecutionOrchestrator.java:52)
	at org.junit.platform.launcher.core.DefaultLauncher.execute(DefaultLauncher.java:114)
	at org.junit.platform.launcher.core.DefaultLauncher.execute(DefaultLauncher.java:86)
	at org.junit.platform.launcher.core.DefaultLauncherSession$DelegatingLauncher.execute(DefaultLauncherSession.java:86)
	at org.apache.maven.surefire.junitplatform.LazyLauncher.execute(LazyLauncher.java:56)
	at org.apache.maven.surefire.junitplatform.JUnitPlatformProvider.execute(JUnitPlatformProvider.java:184)
	at org.apache.maven.surefire.junitplatform.JUnitPlatformProvider.invokeAllTests(JUnitPlatformProvider.java:148)
	at org.apache.maven.surefire.junitplatform.JUnitPlatformProvider.invoke(JUnitPlatformProvider.java:122)
	at org.apache.maven.surefire.booter.ForkedBooter.runSuitesInProcess(ForkedBooter.java:385)
	at org.apache.maven.surefire.booter.ForkedBooter.execute(ForkedBooter.java:162)
	at org.apache.maven.surefire.booter.ForkedBooter.run(ForkedBooter.java:507)
	at org.apache.maven.surefire.booter.ForkedBooter.main(ForkedBooter.java:495)
</pre></div></td>
<td>-</td></tr>
<tr class="a">
<td align="left"><img src="images/icon_success_sml.gif" alt="" /></td>
<td><a id="TC_org.openapitools.model.BalanceAlertRequestGetPaymentDueDateTest.testGetPaymentDueDateHandlesNullValues"></a>testGetPaymentDueDateHandlesNullValues</td>
<td>0.004 s</td></tr>
<tr class="b">
<td align="left"><img src="images/icon_success_sml.gif" alt="" /></td>
<td><a id="TC_org.openapitools.model.BalanceAlertRequestGetPaymentDueDateTest.testGetPaymentDueDateReturnsImmutableDate"></a>testGetPaymentDueDateReturnsImmutableDate</td>
<td>0.002 s</td></tr></table></section><section><a id="org.openapitools.model.BalanceAlertRequestCurrentDateTest"></a>
<h3><a name="BalanceAlertRequestCurrentDateTest"></a>BalanceAlertRequestCurrentDateTest</h3>
<table border="0" class="bodyTable">
<tr class="a">
<td align="left"><img src="images/icon_success_sml.gif" alt="" /></td>
<td><a id="TC_org.openapitools.model.BalanceAlertRequestCurrentDateTest.testCurrentDateMethodDoesNotAffectOtherFields"></a>testCurrentDateMethodDoesNotAffectOtherFields</td>
<td>0.001 s</td></tr>
<tr class="b">
<td align="left"><img src="images/icon_success_sml.gif" alt="" /></td>
<td><a id="TC_org.openapitools.model.BalanceAlertRequestCurrentDateTest.testCurrentDateMethodHandlesNullValues"></a>testCurrentDateMethodHandlesNullValues</td>
<td>0.001 s</td></tr>
<tr class="a">
<td align="left"><img src="images/icon_success_sml.gif" alt="" /></td>
<td><a id="TC_org.openapitools.model.BalanceAlertRequestCurrentDateTest.testCurrentDateMethodReturnsAssignedDate"></a>testCurrentDateMethodReturnsAssignedDate</td>
<td>0.001 s</td></tr></table></section><section><a id="org.openapitools.OpenApiGeneratorApplicationTests"></a>
<h3><a name="OpenApiGeneratorApplicationTests"></a>OpenApiGeneratorApplicationTests</h3>
<table border="0" class="bodyTable">
<tr class="a">
<td align="left"><img src="images/icon_success_sml.gif" alt="" /></td>
<td><a id="TC_org.openapitools.OpenApiGeneratorApplicationTests.contextLoads"></a>contextLoads</td>
<td>0.384 s</td></tr></table></section><br /></section><section><a id="Failure_Details"></a>
<h2><a name="Failure_Details"></a>Failure Details</h2>
<p>[<a href="#Summary">Summary</a>] [<a href="#Package_List">Package List</a>] [<a href="#Test_Cases">Test Cases</a>]</p><br />
<table border="0" class="bodyTable">
<tr class="a">
<td align="left"><img src="images/icon_error_sml.gif" alt="" /></td>
<td><a id="org.openapitools.model.BalanceAlertRequestHashCodeTest.testHashCodeWithNullFields"></a>testHashCodeWithNullFields</td></tr>
<tr class="b">
<td align="left">-</td>
<td>org.opentest4j.AssertionFailedError: expected: &lt;0&gt; but was: &lt;29791&gt;</td></tr>
<tr class="a">
<td align="left">-</td>
<td>
<div id="testHashCodeWithNullFields-failure">org.openapitools.model.BalanceAlertRequestHashCodeTest:111</div></td></tr>
<tr class="b">
<td align="left"><img src="images/icon_error_sml.gif" alt="" /></td>
<td><a id="org.openapitools.model.CollectionAgencyInvolvementRequestGetPreviousNotificationsTest.testGetPreviousNotificationsReturnsNotNull"></a>testGetPreviousNotificationsReturnsNotNull</td></tr>
<tr class="a">
<td align="left">-</td>
<td>org.opentest4j.AssertionFailedError: The returned value is null but expected not null. ==&gt; expected: not &lt;null&gt;</td></tr>
<tr class="b">
<td align="left">-</td>
<td>
<div id="testGetPreviousNotificationsReturnsNotNull-failure">org.openapitools.model.CollectionAgencyInvolvementRequestGetPreviousNotificationsTest:122</div></td></tr>
<tr class="a">
<td align="left"><img src="images/icon_error_sml.gif" alt="" /></td>
<td><a id="org.openapitools.api.ApiUtilSetExampleResponseTest.setExampleResponseWithNullExample"></a>setExampleResponseWithNullExample</td></tr>
<tr class="b">
<td align="left">-</td>
<td>org.opentest4j.AssertionFailedError: expected: &lt;&gt; but was: &lt;null&gt;</td></tr>
<tr class="a">
<td align="left">-</td>
<td>
<div id="setExampleResponseWithNullExample-failure">org.openapitools.api.ApiUtilSetExampleResponseTest:163</div></td></tr>
<tr class="b">
<td align="left"><img src="images/icon_error_sml.gif" alt="" /></td>
<td><a id="org.openapitools.Rfc3339DateFormatFormatTest.testFormatWithValidDate"></a>testFormatWithValidDate</td></tr>
<tr class="a">
<td align="left">-</td>
<td>org.opentest4j.AssertionFailedError: expected: &lt;2022-02-01T00:00:00.000Z&gt; but was: &lt;2022-02-01T00:00:00.000+00:00&gt;</td></tr>
<tr class="b">
<td align="left">-</td>
<td>
<div id="testFormatWithValidDate-failure">org.openapitools.Rfc3339DateFormatFormatTest:89</div></td></tr>
<tr class="a">
<td align="left"><img src="images/icon_error_sml.gif" alt="" /></td>
<td><a id="org.openapitools.model.CollectionAgencyInvolvementRequestCardLast4Test.testCardLast4WithInvalidLengthInput"></a>testCardLast4WithInvalidLengthInput</td></tr>
<tr class="b">
<td align="left">-</td>
<td>org.opentest4j.AssertionFailedError: Expected java.lang.IllegalArgumentException to be thrown, but nothing was thrown.</td></tr>
<tr class="a">
<td align="left">-</td>
<td>
<div id="testCardLast4WithInvalidLengthInput-failure">org.openapitools.model.CollectionAgencyInvolvementRequestCardLast4Test:115</div></td></tr>
<tr class="b">
<td align="left"><img src="images/icon_error_sml.gif" alt="" /></td>
<td><a id="org.openapitools.Rfc3339DateFormatParseTest.testParseEmptyDateString"></a>testParseEmptyDateString</td></tr>
<tr class="a">
<td align="left">-</td>
<td>java.lang.StringIndexOutOfBoundsException: Index 0 out of bounds for length 0</td></tr>
<tr class="b">
<td align="left">-</td>
<td>
<div id="testParseEmptyDateString-error">org.openapitools.Rfc3339DateFormatParseTest:127</div></td></tr>
<tr class="a">
<td align="left"><img src="images/icon_error_sml.gif" alt="" /></td>
<td><a id="org.openapitools.Rfc3339DateFormatParseTest.testParseValidDateString"></a>testParseValidDateString</td></tr>
<tr class="b">
<td align="left">-</td>
<td>org.opentest4j.AssertionFailedError: expected: &lt;Thu May 05 20:00:00 UTC 2022&gt; but was: &lt;Thu May 05 20:00:00 GMT 2022&gt;</td></tr>
<tr class="a">
<td align="left">-</td>
<td>
<div id="testParseValidDateString-failure">org.openapitools.Rfc3339DateFormatParseTest:98</div></td></tr>
<tr class="b">
<td align="left"><img src="images/icon_error_sml.gif" alt="" /></td>
<td><a id="org.openapitools.Rfc3339DateFormatParseTest.testParseNullDateString"></a>testParseNullDateString</td></tr>
<tr class="a">
<td align="left">-</td>
<td>java.lang.NullPointerException: Cannot invoke &quot;String.length()&quot; because &quot;dateStr&quot; is null</td></tr>
<tr class="b">
<td align="left">-</td>
<td>
<div id="testParseNullDateString-error">org.openapitools.Rfc3339DateFormatParseTest:117</div></td></tr>
<tr class="a">
<td align="left"><img src="images/icon_error_sml.gif" alt="" /></td>
<td><a id="org.openapitools.model.BalanceAlertRequestCardLast4Test.testInvalidCardLast4Input"></a>testInvalidCardLast4Input</td></tr>
<tr class="b">
<td align="left">-</td>
<td>org.opentest4j.AssertionFailedError: Card last 4 digits should not match with the invalid input ==&gt; expected: not equal but was: &lt;12345&gt;</td></tr>
<tr class="a">
<td align="left">-</td>
<td>
<div id="testInvalidCardLast4Input-failure">org.openapitools.model.BalanceAlertRequestCardLast4Test:101</div></td></tr>
<tr class="b">
<td align="left"><img src="images/icon_error_sml.gif" alt="" /></td>
<td><a id="org.openapitools.model.BalanceAlertRequestGetPaymentDueDateTest.testGetPaymentDueDateReturnsNewObjectEachTime"></a>testGetPaymentDueDateReturnsNewObjectEachTime</td></tr>
<tr class="a">
<td align="left">-</td>
<td>org.opentest4j.AssertionFailedError: expected: not same but was: &lt;2022-12-31&gt;</td></tr>
<tr class="b">
<td align="left">-</td>
<td>
<div id="testGetPaymentDueDateReturnsNewObjectEachTime-failure">org.openapitools.model.BalanceAlertRequestGetPaymentDueDateTest:151</div></td></tr></table><br /></section>
      </div>
    </div>
    <div class="clear">
      <hr/>
    </div>
    <div id="footer">
      <div class="xright">
        Copyright &#169;      2024..      </div>
      <div class="clear">
        <hr/>
      </div>
    </div>
  </body>
</html>
